{"/Users/zachfettersmoore/Documents/Git/apollo-ios-dev/apollo-ios-codegen/Sources/GraphQLCompiler/JavaScript/src/index.ts": {"path":"/Users/zachfettersmoore/Documents/Git/apollo-ios-dev/apollo-ios-codegen/Sources/GraphQLCompiler/JavaScript/src/index.ts","statementMap":{"0":{"start":{"line":42,"column":0},"end":{"line":42,"column":16}},"1":{"start":{"line":98,"column":0},"end":{"line":98,"column":16}},"2":{"start":{"line":102,"column":0},"end":{"line":102,"column":16}},"3":{"start":{"line":106,"column":0},"end":{"line":106,"column":16}},"4":{"start":{"line":110,"column":0},"end":{"line":110,"column":16}},"5":{"start":{"line":118,"column":0},"end":{"line":118,"column":16}},"6":{"start":{"line":1,"column":0},"end":{"line":1,"column":null}},"7":{"start":{"line":14,"column":0},"end":{"line":14,"column":78}},"8":{"start":{"line":15,"column":0},"end":{"line":15,"column":60}},"9":{"start":{"line":16,"column":0},"end":{"line":16,"column":72}},"10":{"start":{"line":17,"column":0},"end":{"line":17,"column":null}},"11":{"start":{"line":20,"column":0},"end":{"line":20,"column":null}},"12":{"start":{"line":24,"column":0},"end":{"line":24,"column":82}},"13":{"start":{"line":25,"column":0},"end":{"line":25,"column":84}},"14":{"start":{"line":29,"column":0},"end":{"line":29,"column":null}},"15":{"start":{"line":30,"column":2},"end":{"line":30,"column":null}},"16":{"start":{"line":31,"column":2},"end":{"line":31,"column":null}},"17":{"start":{"line":32,"column":2},"end":{"line":32,"column":null}},"18":{"start":{"line":33,"column":2},"end":{"line":33,"column":null}},"19":{"start":{"line":34,"column":2},"end":{"line":34,"column":null}},"20":{"start":{"line":35,"column":2},"end":{"line":35,"column":null}},"21":{"start":{"line":36,"column":2},"end":{"line":36,"column":null}},"22":{"start":{"line":37,"column":2},"end":{"line":37,"column":null}},"23":{"start":{"line":38,"column":2},"end":{"line":38,"column":null}},"24":{"start":{"line":40,"column":0},"end":{"line":40,"column":9}},"25":{"start":{"line":40,"column":9},"end":{"line":40,"column":67}},"26":{"start":{"line":45,"column":18},"end":{"line":45,"column":43}},"27":{"start":{"line":46,"column":2},"end":{"line":57,"column":3}},"28":{"start":{"line":47,"column":4},"end":{"line":56,"column":5}},"29":{"start":{"line":48,"column":6},"end":{"line":53,"column":7}},"30":{"start":{"line":49,"column":8},"end":{"line":49,"column":null}},"31":{"start":{"line":51,"column":8},"end":{"line":52,"column":null}},"32":{"start":{"line":55,"column":6},"end":{"line":55,"column":null}},"33":{"start":{"line":59,"column":17},"end":{"line":59,"column":80}},"34":{"start":{"line":61,"column":2},"end":{"line":81,"column":3}},"35":{"start":{"line":62,"column":4},"end":{"line":62,"column":null}},"36":{"start":{"line":63,"column":4},"end":{"line":63,"column":null}},"37":{"start":{"line":65,"column":19},"end":{"line":65,"column":88}},"38":{"start":{"line":66,"column":4},"end":{"line":66,"column":null}},"39":{"start":{"line":67,"column":4},"end":{"line":67,"column":null}},"40":{"start":{"line":68,"column":4},"end":{"line":68,"column":null}},"41":{"start":{"line":70,"column":4},"end":{"line":70,"column":null}},"42":{"start":{"line":73,"column":17},"end":{"line":73,"column":80}},"43":{"start":{"line":74,"column":4},"end":{"line":74,"column":null}},"44":{"start":{"line":75,"column":4},"end":{"line":75,"column":null}},"45":{"start":{"line":76,"column":4},"end":{"line":76,"column":null}},"46":{"start":{"line":77,"column":4},"end":{"line":77,"column":null}},"47":{"start":{"line":78,"column":4},"end":{"line":78,"column":null}},"48":{"start":{"line":80,"column":4},"end":{"line":80,"column":null}},"49":{"start":{"line":87,"column":16},"end":{"line":87,"column":47}},"50":{"start":{"line":89,"column":2},"end":{"line":91,"column":3}},"51":{"start":{"line":90,"column":4},"end":{"line":90,"column":27}},"52":{"start":{"line":93,"column":17},"end":{"line":93,"column":43}},"53":{"start":{"line":95,"column":2},"end":{"line":95,"column":16}},"54":{"start":{"line":99,"column":2},"end":{"line":99,"column":null}},"55":{"start":{"line":103,"column":2},"end":{"line":103,"column":23}},"56":{"start":{"line":107,"column":2},"end":{"line":107,"column":30}},"57":{"start":{"line":115,"column":2},"end":{"line":115,"column":79}},"58":{"start":{"line":125,"column":2},"end":{"line":125,"column":125}}},"fnMap":{"0":{"name":"(anonymous_0)","decl":{"start":{"line":30,"column":2},"end":{"line":30,"column":8}},"loc":{"start":{"line":30,"column":2},"end":{"line":30,"column":null}}},"1":{"name":"(anonymous_1)","decl":{"start":{"line":31,"column":2},"end":{"line":31,"column":14}},"loc":{"start":{"line":31,"column":2},"end":{"line":31,"column":null}}},"2":{"name":"(anonymous_2)","decl":{"start":{"line":32,"column":2},"end":{"line":32,"column":15}},"loc":{"start":{"line":32,"column":2},"end":{"line":32,"column":null}}},"3":{"name":"(anonymous_3)","decl":{"start":{"line":33,"column":2},"end":{"line":33,"column":19}},"loc":{"start":{"line":33,"column":2},"end":{"line":33,"column":null}}},"4":{"name":"(anonymous_4)","decl":{"start":{"line":34,"column":2},"end":{"line":34,"column":19}},"loc":{"start":{"line":34,"column":2},"end":{"line":34,"column":null}}},"5":{"name":"(anonymous_5)","decl":{"start":{"line":35,"column":2},"end":{"line":35,"column":22}},"loc":{"start":{"line":35,"column":2},"end":{"line":35,"column":null}}},"6":{"name":"(anonymous_6)","decl":{"start":{"line":36,"column":2},"end":{"line":36,"column":18}},"loc":{"start":{"line":36,"column":2},"end":{"line":36,"column":null}}},"7":{"name":"(anonymous_7)","decl":{"start":{"line":37,"column":2},"end":{"line":37,"column":17}},"loc":{"start":{"line":37,"column":2},"end":{"line":37,"column":null}}},"8":{"name":"(anonymous_8)","decl":{"start":{"line":38,"column":2},"end":{"line":38,"column":24}},"loc":{"start":{"line":38,"column":2},"end":{"line":38,"column":null}}},"9":{"name":"(anonymous_9)","decl":{"start":{"line":40,"column":9},"end":{"line":40,"column":37}},"loc":{"start":{"line":40,"column":9},"end":{"line":40,"column":67}}},"10":{"name":"loadSchemaFromSources","decl":{"start":{"line":42,"column":16},"end":{"line":42,"column":37}},"loc":{"start":{"line":42,"column":55},"end":{"line":82,"column":1}}},"11":{"name":"loadSchemaFromIntrospectionResult","decl":{"start":{"line":84,"column":9},"end":{"line":84,"column":42}},"loc":{"start":{"line":85,"column":29},"end":{"line":96,"column":1}}},"12":{"name":"printSchemaToSDL","decl":{"start":{"line":98,"column":16},"end":{"line":98,"column":32}},"loc":{"start":{"line":98,"column":54},"end":{"line":100,"column":1}}},"13":{"name":"parseOperationDocument","decl":{"start":{"line":102,"column":16},"end":{"line":102,"column":38}},"loc":{"start":{"line":102,"column":53},"end":{"line":104,"column":1}}},"14":{"name":"mergeDocuments","decl":{"start":{"line":106,"column":16},"end":{"line":106,"column":30}},"loc":{"start":{"line":106,"column":56},"end":{"line":108,"column":1}}},"15":{"name":"validateDocument","decl":{"start":{"line":110,"column":16},"end":{"line":110,"column":32}},"loc":{"start":{"line":113,"column":38},"end":{"line":116,"column":1}}},"16":{"name":"compileDocument","decl":{"start":{"line":118,"column":16},"end":{"line":118,"column":31}},"loc":{"start":{"line":123,"column":38},"end":{"line":126,"column":1}}}},"branchMap":{"0":{"loc":{"start":{"line":47,"column":4},"end":{"line":56,"column":5}},"type":"if","locations":[{"start":{"line":47,"column":4},"end":{"line":56,"column":5}},{"start":{"line":54,"column":11},"end":{"line":56,"column":5}}]},"1":{"loc":{"start":{"line":48,"column":6},"end":{"line":53,"column":7}},"type":"if","locations":[{"start":{"line":48,"column":6},"end":{"line":53,"column":7}},{"start":{"line":50,"column":13},"end":{"line":53,"column":7}}]},"2":{"loc":{"start":{"line":61,"column":2},"end":{"line":81,"column":3}},"type":"if","locations":[{"start":{"line":61,"column":2},"end":{"line":81,"column":3}},{"start":{"line":72,"column":9},"end":{"line":81,"column":3}}]},"3":{"loc":{"start":{"line":89,"column":2},"end":{"line":91,"column":3}},"type":"if","locations":[{"start":{"line":89,"column":2},"end":{"line":91,"column":3}}]}},"s":{"0":1,"1":1,"2":1,"3":1,"4":1,"5":1,"6":1,"7":1,"8":1,"9":1,"10":1,"11":1,"12":1,"13":1,"14":1,"15":1,"16":1,"17":1,"18":1,"19":1,"20":1,"21":1,"22":1,"23":1,"24":1,"25":1,"26":12,"27":12,"28":12,"29":0,"30":0,"31":0,"32":12,"33":12,"34":12,"35":12,"36":12,"37":12,"38":12,"39":12,"40":7,"41":7,"42":0,"43":0,"44":0,"45":0,"46":0,"47":0,"48":0,"49":0,"50":0,"51":0,"52":0,"53":0,"54":0,"55":0,"56":0,"57":0,"58":0},"f":{"0":0,"1":0,"2":0,"3":0,"4":0,"5":0,"6":0,"7":0,"8":0,"9":0,"10":12,"11":0,"12":0,"13":0,"14":0,"15":0,"16":0},"b":{"0":[0,12],"1":[0,0],"2":[12,0],"3":[0]}}
,"/Users/zachfettersmoore/Documents/Git/apollo-ios-dev/apollo-ios-codegen/Sources/GraphQLCompiler/JavaScript/src/validationRules.ts": {"path":"/Users/zachfettersmoore/Documents/Git/apollo-ios-dev/apollo-ios-codegen/Sources/GraphQLCompiler/JavaScript/src/validationRules.ts","statementMap":{"0":{"start":{"line":28,"column":0},"end":{"line":28,"column":16}},"1":{"start":{"line":42,"column":0},"end":{"line":42,"column":16}},"2":{"start":{"line":57,"column":0},"end":{"line":57,"column":16}},"3":{"start":{"line":72,"column":0},"end":{"line":72,"column":16}},"4":{"start":{"line":91,"column":0},"end":{"line":91,"column":16}},"5":{"start":{"line":1,"column":0},"end":{"line":1,"column":null}},"6":{"start":{"line":14,"column":52},"end":{"line":14,"column":75}},"7":{"start":{"line":29,"column":35},"end":{"line":29,"column":105}},"8":{"start":{"line":30,"column":44},"end":{"line":30,"column":121}},"9":{"start":{"line":31,"column":2},"end":{"line":39,"column":4}},"10":{"start":{"line":38,"column":39},"end":{"line":38,"column":80}},"11":{"start":{"line":43,"column":2},"end":{"line":54,"column":4}},"12":{"start":{"line":45,"column":6},"end":{"line":51,"column":7}},"13":{"start":{"line":46,"column":8},"end":{"line":50,"column":10}},"14":{"start":{"line":52,"column":6},"end":{"line":52,"column":19}},"15":{"start":{"line":58,"column":2},"end":{"line":69,"column":4}},"16":{"start":{"line":60,"column":24},"end":{"line":60,"column":54}},"17":{"start":{"line":61,"column":6},"end":{"line":67,"column":7}},"18":{"start":{"line":62,"column":8},"end":{"line":66,"column":10}},"19":{"start":{"line":73,"column":2},"end":{"line":88,"column":4}},"20":{"start":{"line":75,"column":6},"end":{"line":86,"column":7}},"21":{"start":{"line":76,"column":8},"end":{"line":85,"column":9}},"22":{"start":{"line":77,"column":10},"end":{"line":84,"column":11}},"23":{"start":{"line":78,"column":12},"end":{"line":83,"column":null}},"24":{"start":{"line":92,"column":2},"end":{"line":109,"column":null}},"25":{"start":{"line":94,"column":6},"end":{"line":107,"column":7}},"26":{"start":{"line":95,"column":8},"end":{"line":106,"column":9}},"27":{"start":{"line":96,"column":10},"end":{"line":105,"column":11}},"28":{"start":{"line":97,"column":12},"end":{"line":97,"column":41}},"29":{"start":{"line":99,"column":12},"end":{"line":104,"column":null}},"30":{"start":{"line":113,"column":2},"end":{"line":130,"column":3}},"31":{"start":{"line":114,"column":4},"end":{"line":129,"column":null}},"32":{"start":{"line":115,"column":35},"end":{"line":115,"column":45}},"33":{"start":{"line":116,"column":6},"end":{"line":128,"column":8}},"34":{"start":{"line":118,"column":30},"end":{"line":118,"column":61}},"35":{"start":{"line":119,"column":44},"end":{"line":119,"column":102}},"36":{"start":{"line":120,"column":10},"end":{"line":126,"column":11}},"37":{"start":{"line":121,"column":12},"end":{"line":125,"column":14}},"38":{"start":{"line":131,"column":2},"end":{"line":131,"column":null}},"39":{"start":{"line":135,"column":2},"end":{"line":152,"column":3}},"40":{"start":{"line":136,"column":4},"end":{"line":151,"column":null}},"41":{"start":{"line":137,"column":30},"end":{"line":137,"column":35}},"42":{"start":{"line":138,"column":6},"end":{"line":150,"column":8}},"43":{"start":{"line":140,"column":32},"end":{"line":140,"column":56}},"44":{"start":{"line":141,"column":46},"end":{"line":141,"column":108}},"45":{"start":{"line":142,"column":10},"end":{"line":148,"column":11}},"46":{"start":{"line":143,"column":12},"end":{"line":147,"column":14}},"47":{"start":{"line":153,"column":2},"end":{"line":153,"column":null}}},"fnMap":{"0":{"name":"defaultValidationRules","decl":{"start":{"line":28,"column":16},"end":{"line":28,"column":38}},"loc":{"start":{"line":28,"column":65},"end":{"line":40,"column":1}}},"1":{"name":"(anonymous_1)","decl":{"start":{"line":38,"column":29},"end":{"line":38,"column":30}},"loc":{"start":{"line":38,"column":39},"end":{"line":38,"column":80}}},"2":{"name":"NoAnonymousQueries","decl":{"start":{"line":42,"column":16},"end":{"line":42,"column":34}},"loc":{"start":{"line":42,"column":61},"end":{"line":55,"column":1}}},"3":{"name":"(anonymous_3)","decl":{"start":{"line":44,"column":4},"end":{"line":44,"column":23}},"loc":{"start":{"line":44,"column":53},"end":{"line":53,"column":5}}},"4":{"name":"NoTypenameAlias","decl":{"start":{"line":57,"column":16},"end":{"line":57,"column":31}},"loc":{"start":{"line":57,"column":58},"end":{"line":70,"column":1}}},"5":{"name":"(anonymous_5)","decl":{"start":{"line":59,"column":4},"end":{"line":59,"column":9}},"loc":{"start":{"line":59,"column":25},"end":{"line":68,"column":5}}},"6":{"name":"DeferredInlineFragmentNoTypeCondition","decl":{"start":{"line":72,"column":16},"end":{"line":72,"column":53}},"loc":{"start":{"line":72,"column":80},"end":{"line":89,"column":1}}},"7":{"name":"(anonymous_7)","decl":{"start":{"line":74,"column":4},"end":{"line":74,"column":18}},"loc":{"start":{"line":74,"column":43},"end":{"line":87,"column":5}}},"8":{"name":"DeferredInlineFragmentMissingLabelArgument","decl":{"start":{"line":91,"column":16},"end":{"line":91,"column":58}},"loc":{"start":{"line":91,"column":85},"end":{"line":110,"column":1}}},"9":{"name":"(anonymous_9)","decl":{"start":{"line":93,"column":4},"end":{"line":93,"column":18}},"loc":{"start":{"line":93,"column":43},"end":{"line":108,"column":5}}},"10":{"name":"(anonymous_10)","decl":{"start":{"line":96,"column":96},"end":{"line":96,"column":97}},"loc":{"start":{"line":97,"column":12},"end":{"line":97,"column":41}}},"11":{"name":"ApolloIOSDisallowedFieldNames","decl":{"start":{"line":112,"column":9},"end":{"line":112,"column":38}},"loc":{"start":{"line":112,"column":65},"end":{"line":132,"column":1}}},"12":{"name":"ApolloIOSDisallowedFieldNamesValidationRule","decl":{"start":{"line":114,"column":20},"end":{"line":114,"column":63}},"loc":{"start":{"line":114,"column":90},"end":{"line":129,"column":5}}},"13":{"name":"(anonymous_13)","decl":{"start":{"line":117,"column":8},"end":{"line":117,"column":13}},"loc":{"start":{"line":117,"column":29},"end":{"line":127,"column":9}}},"14":{"name":"ApolloIOSDisallowedInputParameterNames","decl":{"start":{"line":134,"column":9},"end":{"line":134,"column":47}},"loc":{"start":{"line":134,"column":69},"end":{"line":154,"column":1}}},"15":{"name":"ApolloIOSDisallowedInputParameterNamesValidationRule","decl":{"start":{"line":136,"column":20},"end":{"line":136,"column":72}},"loc":{"start":{"line":136,"column":99},"end":{"line":151,"column":5}}},"16":{"name":"(anonymous_16)","decl":{"start":{"line":139,"column":8},"end":{"line":139,"column":26}},"loc":{"start":{"line":139,"column":55},"end":{"line":149,"column":9}}}},"branchMap":{"0":{"loc":{"start":{"line":29,"column":65},"end":{"line":29,"column":104}},"type":"cond-expr","locations":[{"start":{"line":29,"column":93},"end":{"line":29,"column":95}},{"start":{"line":29,"column":93},"end":{"line":29,"column":104}}]},"1":{"loc":{"start":{"line":29,"column":65},"end":{"line":29,"column":95}},"type":"binary-expr","locations":[{"start":{"line":29,"column":65},"end":{"line":29,"column":95}},{"start":{"line":29,"column":93},"end":{"line":29,"column":95}}]},"2":{"loc":{"start":{"line":36,"column":8},"end":{"line":36,"column":66}},"type":"cond-expr","locations":[{"start":{"line":36,"column":35},"end":{"line":36,"column":61}},{"start":{"line":36,"column":64},"end":{"line":36,"column":66}}]},"3":{"loc":{"start":{"line":37,"column":8},"end":{"line":37,"column":84}},"type":"cond-expr","locations":[{"start":{"line":37,"column":44},"end":{"line":37,"column":79}},{"start":{"line":37,"column":82},"end":{"line":37,"column":84}}]},"4":{"loc":{"start":{"line":45,"column":6},"end":{"line":51,"column":7}},"type":"if","locations":[{"start":{"line":45,"column":6},"end":{"line":51,"column":7}}]},"5":{"loc":{"start":{"line":60,"column":24},"end":{"line":60,"column":54}},"type":"binary-expr","locations":[{"start":{"line":60,"column":24},"end":{"line":60,"column":34}},{"start":{"line":60,"column":38},"end":{"line":60,"column":54}}]},"6":{"loc":{"start":{"line":61,"column":6},"end":{"line":67,"column":7}},"type":"if","locations":[{"start":{"line":61,"column":6},"end":{"line":67,"column":7}}]},"7":{"loc":{"start":{"line":75,"column":6},"end":{"line":86,"column":7}},"type":"if","locations":[{"start":{"line":75,"column":6},"end":{"line":86,"column":7}}]},"8":{"loc":{"start":{"line":77,"column":10},"end":{"line":84,"column":11}},"type":"if","locations":[{"start":{"line":77,"column":10},"end":{"line":84,"column":11}}]},"9":{"loc":{"start":{"line":77,"column":14},"end":{"line":77,"column":99}},"type":"binary-expr","locations":[{"start":{"line":77,"column":14},"end":{"line":77,"column":64}},{"start":{"line":77,"column":68},"end":{"line":77,"column":99}}]},"10":{"loc":{"start":{"line":94,"column":6},"end":{"line":107,"column":7}},"type":"if","locations":[{"start":{"line":94,"column":6},"end":{"line":107,"column":7}}]},"11":{"loc":{"start":{"line":96,"column":10},"end":{"line":105,"column":11}},"type":"if","locations":[{"start":{"line":96,"column":10},"end":{"line":105,"column":11}}]},"12":{"loc":{"start":{"line":96,"column":14},"end":{"line":98,"column":12}},"type":"binary-expr","locations":[{"start":{"line":96,"column":14},"end":{"line":96,"column":64}},{"start":{"line":96,"column":68},"end":{"line":98,"column":12}}]},"13":{"loc":{"start":{"line":96,"column":70},"end":{"line":97,"column":null}},"type":"cond-expr","locations":[{"start":{"line":96,"column":89},"end":{"line":96,"column":91}},{"start":{"line":96,"column":89},"end":{"line":97,"column":null}}]},"14":{"loc":{"start":{"line":96,"column":70},"end":{"line":96,"column":91}},"type":"binary-expr","locations":[{"start":{"line":96,"column":70},"end":{"line":96,"column":91}},{"start":{"line":96,"column":89},"end":{"line":96,"column":91}}]},"15":{"loc":{"start":{"line":113,"column":2},"end":{"line":130,"column":3}},"type":"if","locations":[{"start":{"line":113,"column":2},"end":{"line":130,"column":3}}]},"16":{"loc":{"start":{"line":118,"column":31},"end":{"line":118,"column":54}},"type":"cond-expr","locations":[{"start":{"line":118,"column":41},"end":{"line":118,"column":45}},{"start":{"line":118,"column":45},"end":{"line":118,"column":54}}]},"17":{"loc":{"start":{"line":118,"column":31},"end":{"line":118,"column":45}},"type":"binary-expr","locations":[{"start":{"line":118,"column":31},"end":{"line":118,"column":45}},{"start":{"line":118,"column":41},"end":{"line":118,"column":45}}]},"18":{"loc":{"start":{"line":120,"column":10},"end":{"line":126,"column":11}},"type":"if","locations":[{"start":{"line":120,"column":10},"end":{"line":126,"column":11}}]},"19":{"loc":{"start":{"line":135,"column":2},"end":{"line":152,"column":3}},"type":"if","locations":[{"start":{"line":135,"column":2},"end":{"line":152,"column":3}}]},"20":{"loc":{"start":{"line":142,"column":10},"end":{"line":148,"column":11}},"type":"if","locations":[{"start":{"line":142,"column":10},"end":{"line":148,"column":11}}]}},"s":{"0":1,"1":1,"2":1,"3":1,"4":1,"5":1,"6":1,"7":0,"8":0,"9":0,"10":0,"11":0,"12":0,"13":0,"14":0,"15":0,"16":0,"17":0,"18":0,"19":0,"20":0,"21":0,"22":0,"23":0,"24":0,"25":0,"26":0,"27":0,"28":0,"29":0,"30":0,"31":0,"32":0,"33":0,"34":0,"35":0,"36":0,"37":0,"38":0,"39":0,"40":0,"41":0,"42":0,"43":0,"44":0,"45":0,"46":0,"47":0},"f":{"0":0,"1":0,"2":0,"3":0,"4":0,"5":0,"6":0,"7":0,"8":0,"9":0,"10":0,"11":0,"12":0,"13":0,"14":0,"15":0,"16":0},"b":{"0":[0,0],"1":[0,0],"2":[0,0],"3":[0,0],"4":[0],"5":[0,0],"6":[0],"7":[0],"8":[0],"9":[0,0],"10":[0],"11":[0],"12":[0,0],"13":[0,0],"14":[0,0],"15":[0],"16":[0,0],"17":[0,0],"18":[0],"19":[0],"20":[0]}}
,"/Users/zachfettersmoore/Documents/Git/apollo-ios-dev/apollo-ios-codegen/Sources/GraphQLCompiler/JavaScript/src/compiler/index.ts": {"path":"/Users/zachfettersmoore/Documents/Git/apollo-ios-dev/apollo-ios-codegen/Sources/GraphQLCompiler/JavaScript/src/compiler/index.ts","statementMap":{"0":{"start":{"line":57,"column":0},"end":{"line":57,"column":16}},"1":{"start":{"line":1,"column":0},"end":{"line":1,"column":null}},"2":{"start":{"line":8,"column":0},"end":{"line":8,"column":null}},"3":{"start":{"line":41,"column":0},"end":{"line":41,"column":46}},"4":{"start":{"line":43,"column":0},"end":{"line":43,"column":81}},"5":{"start":{"line":46,"column":2},"end":{"line":46,"column":32}},"6":{"start":{"line":65,"column":26},"end":{"line":65,"column":67}},"7":{"start":{"line":67,"column":2},"end":{"line":71,"column":3}},"8":{"start":{"line":68,"column":4},"end":{"line":68,"column":67}},"9":{"start":{"line":68,"column":58},"end":{"line":68,"column":67}},"10":{"start":{"line":70,"column":4},"end":{"line":70,"column":67}},"11":{"start":{"line":73,"column":47},"end":{"line":73,"column":49}},"12":{"start":{"line":74,"column":22},"end":{"line":74,"column":62}},"13":{"start":{"line":75,"column":26},"end":{"line":75,"column":53}},"14":{"start":{"line":76,"column":37},"end":{"line":76,"column":63}},"15":{"start":{"line":78,"column":20},"end":{"line":78,"column":61}},"16":{"start":{"line":79,"column":2},"end":{"line":81,"column":3}},"17":{"start":{"line":80,"column":4},"end":{"line":80,"column":95}},"18":{"start":{"line":83,"column":43},"end":{"line":87,"column":4}},"19":{"start":{"line":89,"column":2},"end":{"line":93,"column":3}},"20":{"start":{"line":90,"column":4},"end":{"line":90,"column":68}},"21":{"start":{"line":90,"column":59},"end":{"line":90,"column":68}},"22":{"start":{"line":92,"column":4},"end":{"line":92,"column":54}},"23":{"start":{"line":99,"column":2},"end":{"line":101,"column":3}},"24":{"start":{"line":100,"column":4},"end":{"line":100,"column":57}},"25":{"start":{"line":103,"column":2},"end":{"line":109,"column":4}},"26":{"start":{"line":112,"column":4},"end":{"line":112,"column":45}},"27":{"start":{"line":112,"column":37},"end":{"line":112,"column":43}},"28":{"start":{"line":114,"column":4},"end":{"line":114,"column":null}},"29":{"start":{"line":116,"column":4},"end":{"line":126,"column":5}},"30":{"start":{"line":117,"column":28},"end":{"line":117,"column":57}},"31":{"start":{"line":119,"column":7},"end":{"line":119,"column":57}},"32":{"start":{"line":121,"column":6},"end":{"line":125,"column":7}},"33":{"start":{"line":122,"column":8},"end":{"line":124,"column":9}},"34":{"start":{"line":123,"column":10},"end":{"line":123,"column":null}},"35":{"start":{"line":128,"column":4},"end":{"line":133,"column":5}},"36":{"start":{"line":129,"column":35},"end":{"line":129,"column":50}},"37":{"start":{"line":130,"column":6},"end":{"line":132,"column":7}},"38":{"start":{"line":131,"column":8},"end":{"line":131,"column":null}},"39":{"start":{"line":135,"column":4},"end":{"line":137,"column":5}},"40":{"start":{"line":136,"column":6},"end":{"line":136,"column":null}},"41":{"start":{"line":139,"column":4},"end":{"line":143,"column":5}},"42":{"start":{"line":140,"column":6},"end":{"line":142,"column":7}},"43":{"start":{"line":141,"column":8},"end":{"line":141,"column":null}},"44":{"start":{"line":149,"column":21},"end":{"line":149,"column":44}},"45":{"start":{"line":150,"column":4},"end":{"line":153,"column":5}},"46":{"start":{"line":151,"column":20},"end":{"line":151,"column":33}},"47":{"start":{"line":152,"column":6},"end":{"line":152,"column":null}},"48":{"start":{"line":159,"column":26},"end":{"line":159,"column":57}},"49":{"start":{"line":160,"column":4},"end":{"line":164,"column":5}},"50":{"start":{"line":161,"column":6},"end":{"line":163,"column":7}},"51":{"start":{"line":162,"column":8},"end":{"line":162,"column":20}},"52":{"start":{"line":165,"column":4},"end":{"line":165,"column":17}},"53":{"start":{"line":169,"column":19},"end":{"line":169,"column":40}},"54":{"start":{"line":170,"column":4},"end":{"line":170,"column":34}},"55":{"start":{"line":170,"column":18},"end":{"line":170,"column":34}},"56":{"start":{"line":172,"column":25},"end":{"line":172,"column":50}},"57":{"start":{"line":173,"column":4},"end":{"line":173,"column":40}},"58":{"start":{"line":173,"column":23},"end":{"line":173,"column":40}},"59":{"start":{"line":176,"column":4},"end":{"line":176,"column":33}},"60":{"start":{"line":178,"column":4},"end":{"line":178,"column":45}},"61":{"start":{"line":179,"column":4},"end":{"line":179,"column":36}},"62":{"start":{"line":180,"column":4},"end":{"line":180,"column":20}},"63":{"start":{"line":186,"column":4},"end":{"line":188,"column":5}},"64":{"start":{"line":187,"column":6},"end":{"line":187,"column":91}},"65":{"start":{"line":190,"column":21},"end":{"line":190,"column":57}},"66":{"start":{"line":191,"column":17},"end":{"line":191,"column":47}},"67":{"start":{"line":192,"column":26},"end":{"line":192,"column":55}},"68":{"start":{"line":193,"column":32},"end":{"line":193,"column":64}},"69":{"start":{"line":195,"column":22},"end":{"line":221,"column":null}},"70":{"start":{"line":197,"column":21},"end":{"line":197,"column":45}},"71":{"start":{"line":198,"column":29},"end":{"line":198,"column":98}},"72":{"start":{"line":203,"column":21},"end":{"line":203,"column":73}},"73":{"start":{"line":207,"column":8},"end":{"line":212,"column":9}},"74":{"start":{"line":208,"column":10},"end":{"line":211,"column":12}},"75":{"start":{"line":214,"column":8},"end":{"line":214,"column":46}},"76":{"start":{"line":216,"column":8},"end":{"line":220,"column":10}},"77":{"start":{"line":224,"column":19},"end":{"line":227,"column":6}},"78":{"start":{"line":228,"column":21},"end":{"line":228,"column":75}},"79":{"start":{"line":229,"column":26},"end":{"line":229,"column":101}},"80":{"start":{"line":231,"column":4},"end":{"line":231,"column":null}},"81":{"start":{"line":233,"column":25},"end":{"line":233,"column":109}},"82":{"start":{"line":234,"column":37},"end":{"line":234,"column":77}},"83":{"start":{"line":236,"column":4},"end":{"line":238,"column":5}},"84":{"start":{"line":237,"column":6},"end":{"line":237,"column":61}},"85":{"start":{"line":240,"column":4},"end":{"line":250,"column":6}},"86":{"start":{"line":256,"column":17},"end":{"line":256,"column":46}},"87":{"start":{"line":258,"column":21},"end":{"line":258,"column":56}},"88":{"start":{"line":259,"column":19},"end":{"line":262,"column":6}},"89":{"start":{"line":263,"column":32},"end":{"line":263,"column":64}},"90":{"start":{"line":265,"column":26},"end":{"line":267,"column":null}},"91":{"start":{"line":270,"column":26},"end":{"line":270,"column":100}},"92":{"start":{"line":272,"column":4},"end":{"line":272,"column":51}},"93":{"start":{"line":274,"column":25},"end":{"line":274,"column":113}},"94":{"start":{"line":275,"column":37},"end":{"line":275,"column":77}},"95":{"start":{"line":277,"column":4},"end":{"line":279,"column":5}},"96":{"start":{"line":278,"column":6},"end":{"line":278,"column":61}},"97":{"start":{"line":281,"column":4},"end":{"line":290,"column":6}},"98":{"start":{"line":296,"column":4},"end":{"line":299,"column":7}},"99":{"start":{"line":297,"column":6},"end":{"line":297,"column":null}},"100":{"start":{"line":298,"column":6},"end":{"line":298,"column":null}},"101":{"start":{"line":307,"column":4},"end":{"line":314,"column":6}},"102":{"start":{"line":311,"column":10},"end":{"line":311,"column":83}},"103":{"start":{"line":322,"column":46},"end":{"line":322,"column":115}},"104":{"start":{"line":324,"column":4},"end":{"line":438,"column":5}},"105":{"start":{"line":326,"column":21},"end":{"line":326,"column":45}},"106":{"start":{"line":327,"column":8},"end":{"line":327,"column":54}},"107":{"start":{"line":327,"column":36},"end":{"line":327,"column":53}},"108":{"start":{"line":328,"column":22},"end":{"line":328,"column":48}},"109":{"start":{"line":330,"column":25},"end":{"line":330,"column":62}},"110":{"start":{"line":331,"column":8},"end":{"line":336,"column":9}},"111":{"start":{"line":332,"column":10},"end":{"line":335,"column":12}},"112":{"start":{"line":338,"column":26},"end":{"line":338,"column":39}},"113":{"start":{"line":339,"column":35},"end":{"line":339,"column":62}},"114":{"start":{"line":341,"column":8},"end":{"line":341,"column":60}},"115":{"start":{"line":343,"column":51},"end":{"line":343,"column":59}},"116":{"start":{"line":344,"column":44},"end":{"line":344,"column":95}},"117":{"start":{"line":346,"column":30},"end":{"line":356,"column":10}},"118":{"start":{"line":359,"column":10},"end":{"line":369,"column":11}},"119":{"start":{"line":360,"column":32},"end":{"line":360,"column":63}},"120":{"start":{"line":361,"column":46},"end":{"line":361,"column":104}},"121":{"start":{"line":363,"column":12},"end":{"line":368,"column":13}},"122":{"start":{"line":364,"column":14},"end":{"line":367,"column":16}},"123":{"start":{"line":372,"column":8},"end":{"line":376,"column":9}},"124":{"start":{"line":373,"column":10},"end":{"line":373,"column":null}},"125":{"start":{"line":374,"column":15},"end":{"line":376,"column":9}},"126":{"start":{"line":375,"column":10},"end":{"line":375,"column":null}},"127":{"start":{"line":378,"column":8},"end":{"line":395,"column":9}},"128":{"start":{"line":379,"column":35},"end":{"line":379,"column":61}},"129":{"start":{"line":381,"column":10},"end":{"line":388,"column":11}},"130":{"start":{"line":382,"column":12},"end":{"line":387,"column":14}},"131":{"start":{"line":390,"column":10},"end":{"line":394,"column":12}},"132":{"start":{"line":396,"column":8},"end":{"line":396,"column":21}},"133":{"start":{"line":399,"column":25},"end":{"line":399,"column":52}},"134":{"start":{"line":400,"column":30},"end":{"line":402,"column":22}},"135":{"start":{"line":404,"column":8},"end":{"line":404,"column":41}},"136":{"start":{"line":406,"column":8},"end":{"line":415,"column":10}},"137":{"start":{"line":418,"column":29},"end":{"line":418,"column":53}},"138":{"start":{"line":420,"column":25},"end":{"line":420,"column":50}},"139":{"start":{"line":421,"column":8},"end":{"line":426,"column":9}},"140":{"start":{"line":422,"column":10},"end":{"line":425,"column":12}},"141":{"start":{"line":428,"column":8},"end":{"line":428,"column":51}},"142":{"start":{"line":430,"column":50},"end":{"line":435,"column":10}},"143":{"start":{"line":436,"column":8},"end":{"line":436,"column":30}},"144":{"start":{"line":446,"column":52},"end":{"line":446,"column":64}},"145":{"start":{"line":447,"column":4},"end":{"line":469,"column":18}},"146":{"start":{"line":449,"column":21},"end":{"line":449,"column":35}},"147":{"start":{"line":450,"column":23},"end":{"line":451,"column":null}},"148":{"start":{"line":451,"column":22},"end":{"line":451,"column":52}},"149":{"start":{"line":453,"column":27},"end":{"line":453,"column":39}},"150":{"start":{"line":455,"column":8},"end":{"line":460,"column":9}},"151":{"start":{"line":456,"column":10},"end":{"line":459,"column":12}},"152":{"start":{"line":462,"column":8},"end":{"line":467,"column":10}},"153":{"start":{"line":475,"column":4},"end":{"line":508,"column":5}},"154":{"start":{"line":476,"column":49},"end":{"line":476,"column":51}},"155":{"start":{"line":477,"column":59},"end":{"line":477,"column":61}},"156":{"start":{"line":479,"column":6},"end":{"line":499,"column":7}},"157":{"start":{"line":480,"column":21},"end":{"line":480,"column":41}},"158":{"start":{"line":481,"column":29},"end":{"line":481,"column":54}},"159":{"start":{"line":483,"column":8},"end":{"line":488,"column":9}},"160":{"start":{"line":484,"column":10},"end":{"line":487,"column":12}},"161":{"start":{"line":490,"column":8},"end":{"line":495,"column":10}},"162":{"start":{"line":497,"column":26},"end":{"line":497,"column":76}},"163":{"start":{"line":498,"column":8},"end":{"line":498,"column":62}},"164":{"start":{"line":498,"column":25},"end":{"line":498,"column":61}},"165":{"start":{"line":501,"column":6},"end":{"line":504,"column":null}},"166":{"start":{"line":507,"column":6},"end":{"line":507,"column":23}},"167":{"start":{"line":515,"column":4},"end":{"line":542,"column":5}},"168":{"start":{"line":516,"column":24},"end":{"line":516,"column":58}},"169":{"start":{"line":517,"column":25},"end":{"line":517,"column":52}},"170":{"start":{"line":519,"column":6},"end":{"line":539,"column":7}},"171":{"start":{"line":521,"column":10},"end":{"line":525,"column":11}},"172":{"start":{"line":522,"column":12},"end":{"line":522,"column":60}},"173":{"start":{"line":524,"column":12},"end":{"line":524,"column":60}},"174":{"start":{"line":528,"column":10},"end":{"line":531,"column":null}},"175":{"start":{"line":534,"column":10},"end":{"line":537,"column":12}},"176":{"start":{"line":538,"column":10},"end":{"line":538,"column":16}},"177":{"start":{"line":541,"column":6},"end":{"line":541,"column":null}}},"fnMap":{"0":{"name":"filePathForNode","decl":{"start":{"line":45,"column":9},"end":{"line":45,"column":24}},"loc":{"start":{"line":45,"column":38},"end":{"line":47,"column":1}}},"1":{"name":"compileToIR","decl":{"start":{"line":57,"column":16},"end":{"line":57,"column":27}},"loc":{"start":{"line":62,"column":38},"end":{"line":545,"column":1}}},"2":{"name":"addReferencedType","decl":{"start":{"line":111,"column":11},"end":{"line":111,"column":28}},"loc":{"start":{"line":111,"column":51},"end":{"line":144,"column":3}}},"3":{"name":"addReferencedTypesFromInputObject","decl":{"start":{"line":146,"column":11},"end":{"line":146,"column":44}},"loc":{"start":{"line":147,"column":39},"end":{"line":154,"column":3}}},"4":{"name":"hasTypePolicyDirective","decl":{"start":{"line":156,"column":11},"end":{"line":156,"column":33}},"loc":{"start":{"line":157,"column":30},"end":{"line":166,"column":3}}},"5":{"name":"getFragment","decl":{"start":{"line":168,"column":11},"end":{"line":168,"column":22}},"loc":{"start":{"line":168,"column":35},"end":{"line":181,"column":3}}},"6":{"name":"compileOperation","decl":{"start":{"line":183,"column":11},"end":{"line":183,"column":27}},"loc":{"start":{"line":184,"column":48},"end":{"line":251,"column":3}}},"7":{"name":"(anonymous_7)","decl":{"start":{"line":196,"column":6},"end":{"line":196,"column":7}},"loc":{"start":{"line":196,"column":15},"end":{"line":221,"column":7}}},"8":{"name":"compileFragment","decl":{"start":{"line":253,"column":11},"end":{"line":253,"column":26}},"loc":{"start":{"line":254,"column":46},"end":{"line":291,"column":3}}},"9":{"name":"overrideAsLocalCacheMutation","decl":{"start":{"line":293,"column":11},"end":{"line":293,"column":39}},"loc":{"start":{"line":294,"column":38},"end":{"line":300,"column":3}}},"10":{"name":"(anonymous_10)","decl":{"start":{"line":296,"column":22},"end":{"line":296,"column":29}},"loc":{"start":{"line":296,"column":32},"end":{"line":299,"column":5}}},"11":{"name":"compileSelectionSet","decl":{"start":{"line":302,"column":11},"end":{"line":302,"column":30}},"loc":{"start":{"line":305,"column":60},"end":{"line":315,"column":3}}},"12":{"name":"(anonymous_12)","decl":{"start":{"line":310,"column":13},"end":{"line":310,"column":14}},"loc":{"start":{"line":311,"column":10},"end":{"line":311,"column":83}}},"13":{"name":"compileSelection","decl":{"start":{"line":317,"column":11},"end":{"line":317,"column":27}},"loc":{"start":{"line":320,"column":60},"end":{"line":439,"column":3}}},"14":{"name":"validateFieldName","decl":{"start":{"line":358,"column":17},"end":{"line":358,"column":34}},"loc":{"start":{"line":358,"column":109},"end":{"line":370,"column":9}}},"15":{"name":"compileArguments","decl":{"start":{"line":441,"column":11},"end":{"line":441,"column":27}},"loc":{"start":{"line":444,"column":72},"end":{"line":470,"column":3}}},"16":{"name":"(anonymous_16)","decl":{"start":{"line":448,"column":20},"end":{"line":448,"column":21}},"loc":{"start":{"line":448,"column":28},"end":{"line":468,"column":7}}},"17":{"name":"(anonymous_17)","decl":{"start":{"line":451,"column":10},"end":{"line":451,"column":11}},"loc":{"start":{"line":451,"column":22},"end":{"line":451,"column":52}}},"18":{"name":"compileDirectives","decl":{"start":{"line":472,"column":11},"end":{"line":472,"column":28}},"loc":{"start":{"line":473,"column":45},"end":{"line":509,"column":3}}},"19":{"name":"compileInclusionCondition","decl":{"start":{"line":511,"column":11},"end":{"line":511,"column":36}},"loc":{"start":{"line":513,"column":34},"end":{"line":543,"column":3}}}},"branchMap":{"0":{"loc":{"start":{"line":46,"column":9},"end":{"line":46,"column":31}},"type":"cond-expr","locations":[{"start":{"line":46,"column":25},"end":{"line":46,"column":27}},{"start":{"line":46,"column":25},"end":{"line":46,"column":31}}]},"1":{"loc":{"start":{"line":46,"column":9},"end":{"line":46,"column":27}},"type":"binary-expr","locations":[{"start":{"line":46,"column":9},"end":{"line":46,"column":27}},{"start":{"line":46,"column":25},"end":{"line":46,"column":27}}]},"2":{"loc":{"start":{"line":46,"column":9},"end":{"line":46,"column":25}},"type":"cond-expr","locations":[{"start":{"line":46,"column":17},"end":{"line":46,"column":19}},{"start":{"line":46,"column":17},"end":{"line":46,"column":25}}]},"3":{"loc":{"start":{"line":46,"column":9},"end":{"line":46,"column":19}},"type":"binary-expr","locations":[{"start":{"line":46,"column":9},"end":{"line":46,"column":19}},{"start":{"line":46,"column":17},"end":{"line":46,"column":19}}]},"4":{"loc":{"start":{"line":68,"column":4},"end":{"line":68,"column":67}},"type":"if","locations":[{"start":{"line":68,"column":4},"end":{"line":68,"column":67}}]},"5":{"loc":{"start":{"line":79,"column":2},"end":{"line":81,"column":3}},"type":"if","locations":[{"start":{"line":79,"column":2},"end":{"line":81,"column":3}}]},"6":{"loc":{"start":{"line":85,"column":18},"end":{"line":85,"column":55}},"type":"cond-expr","locations":[{"start":{"line":85,"column":42},"end":{"line":85,"column":46}},{"start":{"line":85,"column":46},"end":{"line":85,"column":55}}]},"7":{"loc":{"start":{"line":85,"column":18},"end":{"line":85,"column":46}},"type":"binary-expr","locations":[{"start":{"line":85,"column":18},"end":{"line":85,"column":46}},{"start":{"line":85,"column":42},"end":{"line":85,"column":46}}]},"8":{"loc":{"start":{"line":86,"column":22},"end":{"line":86,"column":63}},"type":"cond-expr","locations":[{"start":{"line":86,"column":50},"end":{"line":86,"column":54}},{"start":{"line":86,"column":54},"end":{"line":86,"column":63}}]},"9":{"loc":{"start":{"line":86,"column":22},"end":{"line":86,"column":54}},"type":"binary-expr","locations":[{"start":{"line":86,"column":22},"end":{"line":86,"column":54}},{"start":{"line":86,"column":50},"end":{"line":86,"column":54}}]},"10":{"loc":{"start":{"line":90,"column":4},"end":{"line":90,"column":68}},"type":"if","locations":[{"start":{"line":90,"column":4},"end":{"line":90,"column":68}}]},"11":{"loc":{"start":{"line":108,"column":25},"end":{"line":108,"column":56}},"type":"cond-expr","locations":[{"start":{"line":108,"column":43},"end":{"line":108,"column":47}},{"start":{"line":108,"column":47},"end":{"line":108,"column":56}}]},"12":{"loc":{"start":{"line":108,"column":25},"end":{"line":108,"column":47}},"type":"binary-expr","locations":[{"start":{"line":108,"column":25},"end":{"line":108,"column":47}},{"start":{"line":108,"column":43},"end":{"line":108,"column":47}}]},"13":{"loc":{"start":{"line":112,"column":4},"end":{"line":112,"column":45}},"type":"if","locations":[{"start":{"line":112,"column":4},"end":{"line":112,"column":45}}]},"14":{"loc":{"start":{"line":116,"column":4},"end":{"line":126,"column":5}},"type":"if","locations":[{"start":{"line":116,"column":4},"end":{"line":126,"column":5}}]},"15":{"loc":{"start":{"line":122,"column":8},"end":{"line":124,"column":9}},"type":"if","locations":[{"start":{"line":122,"column":8},"end":{"line":124,"column":9}}]},"16":{"loc":{"start":{"line":122,"column":12},"end":{"line":122,"column":68}},"type":"binary-expr","locations":[{"start":{"line":122,"column":12},"end":{"line":122,"column":30}},{"start":{"line":122,"column":34},"end":{"line":122,"column":68}}]},"17":{"loc":{"start":{"line":128,"column":4},"end":{"line":133,"column":5}},"type":"if","locations":[{"start":{"line":128,"column":4},"end":{"line":133,"column":5}}]},"18":{"loc":{"start":{"line":135,"column":4},"end":{"line":137,"column":5}},"type":"if","locations":[{"start":{"line":135,"column":4},"end":{"line":137,"column":5}}]},"19":{"loc":{"start":{"line":139,"column":4},"end":{"line":143,"column":5}},"type":"if","locations":[{"start":{"line":139,"column":4},"end":{"line":143,"column":5}}]},"20":{"loc":{"start":{"line":160,"column":28},"end":{"line":160,"column":58}},"type":"cond-expr","locations":[{"start":{"line":160,"column":52},"end":{"line":160,"column":56}},{"start":{"line":160,"column":56},"end":{"line":160,"column":58}}]},"21":{"loc":{"start":{"line":160,"column":28},"end":{"line":160,"column":56}},"type":"binary-expr","locations":[{"start":{"line":160,"column":28},"end":{"line":160,"column":56}},{"start":{"line":160,"column":52},"end":{"line":160,"column":56}}]},"22":{"loc":{"start":{"line":160,"column":28},"end":{"line":160,"column":52}},"type":"cond-expr","locations":[{"start":{"line":160,"column":40},"end":{"line":160,"column":42}},{"start":{"line":160,"column":40},"end":{"line":160,"column":52}}]},"23":{"loc":{"start":{"line":160,"column":28},"end":{"line":160,"column":42}},"type":"binary-expr","locations":[{"start":{"line":160,"column":28},"end":{"line":160,"column":42}},{"start":{"line":160,"column":40},"end":{"line":160,"column":42}}]},"24":{"loc":{"start":{"line":161,"column":6},"end":{"line":163,"column":7}},"type":"if","locations":[{"start":{"line":161,"column":6},"end":{"line":163,"column":7}}]},"25":{"loc":{"start":{"line":170,"column":4},"end":{"line":170,"column":34}},"type":"if","locations":[{"start":{"line":170,"column":4},"end":{"line":170,"column":34}}]},"26":{"loc":{"start":{"line":173,"column":4},"end":{"line":173,"column":40}},"type":"if","locations":[{"start":{"line":173,"column":4},"end":{"line":173,"column":40}}]},"27":{"loc":{"start":{"line":186,"column":4},"end":{"line":188,"column":5}},"type":"if","locations":[{"start":{"line":186,"column":4},"end":{"line":188,"column":5}}]},"28":{"loc":{"start":{"line":195,"column":23},"end":{"line":195,"column":68}},"type":"binary-expr","locations":[{"start":{"line":195,"column":23},"end":{"line":195,"column":62}},{"start":{"line":195,"column":66},"end":{"line":195,"column":68}}]},"29":{"loc":{"start":{"line":198,"column":29},"end":{"line":198,"column":98}},"type":"cond-expr","locations":[{"start":{"line":198,"column":49},"end":{"line":198,"column":86}},{"start":{"line":198,"column":89},"end":{"line":198,"column":98}}]},"30":{"loc":{"start":{"line":207,"column":8},"end":{"line":212,"column":9}},"type":"if","locations":[{"start":{"line":207,"column":8},"end":{"line":212,"column":9}}]},"31":{"loc":{"start":{"line":229,"column":26},"end":{"line":229,"column":101}},"type":"cond-expr","locations":[{"start":{"line":229,"column":75},"end":{"line":229,"column":79}},{"start":{"line":229,"column":79},"end":{"line":229,"column":101}}]},"32":{"loc":{"start":{"line":229,"column":26},"end":{"line":229,"column":79}},"type":"binary-expr","locations":[{"start":{"line":229,"column":26},"end":{"line":229,"column":79}},{"start":{"line":229,"column":75},"end":{"line":229,"column":79}}]},"33":{"loc":{"start":{"line":236,"column":4},"end":{"line":238,"column":5}},"type":"if","locations":[{"start":{"line":236,"column":4},"end":{"line":238,"column":5}}]},"34":{"loc":{"start":{"line":270,"column":26},"end":{"line":270,"column":100}},"type":"cond-expr","locations":[{"start":{"line":270,"column":74},"end":{"line":270,"column":78}},{"start":{"line":270,"column":78},"end":{"line":270,"column":100}}]},"35":{"loc":{"start":{"line":270,"column":26},"end":{"line":270,"column":78}},"type":"binary-expr","locations":[{"start":{"line":270,"column":26},"end":{"line":270,"column":78}},{"start":{"line":270,"column":74},"end":{"line":270,"column":78}}]},"36":{"loc":{"start":{"line":277,"column":4},"end":{"line":279,"column":5}},"type":"if","locations":[{"start":{"line":277,"column":4},"end":{"line":279,"column":5}}]},"37":{"loc":{"start":{"line":322,"column":46},"end":{"line":322,"column":115}},"type":"cond-expr","locations":[{"start":{"line":322,"column":89},"end":{"line":322,"column":93}},{"start":{"line":322,"column":93},"end":{"line":322,"column":115}}]},"38":{"loc":{"start":{"line":322,"column":46},"end":{"line":322,"column":93}},"type":"binary-expr","locations":[{"start":{"line":322,"column":46},"end":{"line":322,"column":93}},{"start":{"line":322,"column":89},"end":{"line":322,"column":93}}]},"39":{"loc":{"start":{"line":324,"column":4},"end":{"line":438,"column":5}},"type":"switch","locations":[{"start":{"line":325,"column":6},"end":{"line":397,"column":7}},{"start":{"line":398,"column":6},"end":{"line":416,"column":7}},{"start":{"line":417,"column":6},"end":{"line":437,"column":7}}]},"40":{"loc":{"start":{"line":327,"column":8},"end":{"line":327,"column":54}},"type":"if","locations":[{"start":{"line":327,"column":8},"end":{"line":327,"column":54}}]},"41":{"loc":{"start":{"line":328,"column":22},"end":{"line":328,"column":48}},"type":"cond-expr","locations":[{"start":{"line":328,"column":41},"end":{"line":328,"column":43}},{"start":{"line":328,"column":41},"end":{"line":328,"column":48}}]},"42":{"loc":{"start":{"line":328,"column":22},"end":{"line":328,"column":43}},"type":"binary-expr","locations":[{"start":{"line":328,"column":22},"end":{"line":328,"column":43}},{"start":{"line":328,"column":41},"end":{"line":328,"column":43}}]},"43":{"loc":{"start":{"line":331,"column":8},"end":{"line":336,"column":9}},"type":"if","locations":[{"start":{"line":331,"column":8},"end":{"line":336,"column":9}}]},"44":{"loc":{"start":{"line":353,"column":23},"end":{"line":353,"column":86}},"type":"cond-expr","locations":[{"start":{"line":353,"column":63},"end":{"line":353,"column":74}},{"start":{"line":353,"column":77},"end":{"line":353,"column":86}}]},"45":{"loc":{"start":{"line":353,"column":23},"end":{"line":353,"column":60}},"type":"binary-expr","locations":[{"start":{"line":353,"column":23},"end":{"line":353,"column":45}},{"start":{"line":353,"column":49},"end":{"line":353,"column":60}}]},"46":{"loc":{"start":{"line":354,"column":29},"end":{"line":354,"column":59}},"type":"binary-expr","locations":[{"start":{"line":354,"column":29},"end":{"line":354,"column":46}},{"start":{"line":354,"column":50},"end":{"line":354,"column":59}}]},"47":{"loc":{"start":{"line":359,"column":10},"end":{"line":369,"column":11}},"type":"if","locations":[{"start":{"line":359,"column":10},"end":{"line":369,"column":11}}]},"48":{"loc":{"start":{"line":359,"column":14},"end":{"line":359,"column":48}},"type":"binary-expr","locations":[{"start":{"line":359,"column":14},"end":{"line":359,"column":29}},{"start":{"line":359,"column":33},"end":{"line":359,"column":48}}]},"49":{"loc":{"start":{"line":360,"column":33},"end":{"line":360,"column":56}},"type":"cond-expr","locations":[{"start":{"line":360,"column":43},"end":{"line":360,"column":47}},{"start":{"line":360,"column":47},"end":{"line":360,"column":56}}]},"50":{"loc":{"start":{"line":360,"column":33},"end":{"line":360,"column":47}},"type":"binary-expr","locations":[{"start":{"line":360,"column":33},"end":{"line":360,"column":47}},{"start":{"line":360,"column":43},"end":{"line":360,"column":47}}]},"51":{"loc":{"start":{"line":363,"column":12},"end":{"line":368,"column":13}},"type":"if","locations":[{"start":{"line":363,"column":12},"end":{"line":368,"column":13}}]},"52":{"loc":{"start":{"line":363,"column":16},"end":{"line":363,"column":68}},"type":"cond-expr","locations":[{"start":{"line":363,"column":31},"end":{"line":363,"column":33}},{"start":{"line":363,"column":16},"end":{"line":363,"column":68}}]},"53":{"loc":{"start":{"line":363,"column":16},"end":{"line":363,"column":33}},"type":"binary-expr","locations":[{"start":{"line":363,"column":16},"end":{"line":363,"column":33}},{"start":{"line":363,"column":16},"end":{"line":363,"column":33}}]},"54":{"loc":{"start":{"line":372,"column":8},"end":{"line":376,"column":9}},"type":"if","locations":[{"start":{"line":372,"column":8},"end":{"line":376,"column":9}},{"start":{"line":374,"column":15},"end":{"line":376,"column":9}}]},"55":{"loc":{"start":{"line":372,"column":12},"end":{"line":372,"column":95}},"type":"binary-expr","locations":[{"start":{"line":372,"column":12},"end":{"line":372,"column":33}},{"start":{"line":372,"column":38},"end":{"line":372,"column":62}},{"start":{"line":372,"column":66},"end":{"line":372,"column":94}}]},"56":{"loc":{"start":{"line":373,"column":43},"end":{"line":373,"column":93}},"type":"cond-expr","locations":[{"start":{"line":373,"column":81},"end":{"line":373,"column":83}},{"start":{"line":373,"column":81},"end":{"line":373,"column":93}}]},"57":{"loc":{"start":{"line":373,"column":43},"end":{"line":373,"column":83}},"type":"binary-expr","locations":[{"start":{"line":373,"column":43},"end":{"line":373,"column":83}},{"start":{"line":373,"column":81},"end":{"line":373,"column":83}}]},"58":{"loc":{"start":{"line":374,"column":15},"end":{"line":376,"column":9}},"type":"if","locations":[{"start":{"line":374,"column":15},"end":{"line":376,"column":9}}]},"59":{"loc":{"start":{"line":375,"column":43},"end":{"line":375,"column":89}},"type":"cond-expr","locations":[{"start":{"line":375,"column":81},"end":{"line":375,"column":83}},{"start":{"line":375,"column":81},"end":{"line":375,"column":89}}]},"60":{"loc":{"start":{"line":375,"column":43},"end":{"line":375,"column":83}},"type":"binary-expr","locations":[{"start":{"line":375,"column":43},"end":{"line":375,"column":83}},{"start":{"line":375,"column":81},"end":{"line":375,"column":83}}]},"61":{"loc":{"start":{"line":378,"column":8},"end":{"line":395,"column":9}},"type":"if","locations":[{"start":{"line":378,"column":8},"end":{"line":395,"column":9}}]},"62":{"loc":{"start":{"line":381,"column":10},"end":{"line":388,"column":11}},"type":"if","locations":[{"start":{"line":381,"column":10},"end":{"line":388,"column":11}}]},"63":{"loc":{"start":{"line":400,"column":30},"end":{"line":402,"column":22}},"type":"cond-expr","locations":[{"start":{"line":401,"column":13},"end":{"line":401,"column":67}},{"start":{"line":402,"column":12},"end":{"line":402,"column":22}}]},"64":{"loc":{"start":{"line":421,"column":8},"end":{"line":426,"column":9}},"type":"if","locations":[{"start":{"line":421,"column":8},"end":{"line":426,"column":9}}]},"65":{"loc":{"start":{"line":447,"column":11},"end":{"line":469,"column":17}},"type":"cond-expr","locations":[{"start":{"line":448,"column":8},"end":{"line":468,"column":8}},{"start":{"line":469,"column":8},"end":{"line":469,"column":17}}]},"66":{"loc":{"start":{"line":447,"column":11},"end":{"line":447,"column":40}},"type":"binary-expr","locations":[{"start":{"line":447,"column":11},"end":{"line":447,"column":18}},{"start":{"line":447,"column":22},"end":{"line":447,"column":40}}]},"67":{"loc":{"start":{"line":453,"column":27},"end":{"line":453,"column":39}},"type":"cond-expr","locations":[{"start":{"line":453,"column":33},"end":{"line":453,"column":35}},{"start":{"line":453,"column":27},"end":{"line":453,"column":39}}]},"68":{"loc":{"start":{"line":453,"column":27},"end":{"line":453,"column":35}},"type":"binary-expr","locations":[{"start":{"line":453,"column":27},"end":{"line":453,"column":35}},{"start":{"line":453,"column":27},"end":{"line":453,"column":35}}]},"69":{"loc":{"start":{"line":455,"column":8},"end":{"line":460,"column":9}},"type":"if","locations":[{"start":{"line":455,"column":8},"end":{"line":460,"column":9}}]},"70":{"loc":{"start":{"line":466,"column":29},"end":{"line":466,"column":66}},"type":"cond-expr","locations":[{"start":{"line":466,"column":53},"end":{"line":466,"column":57}},{"start":{"line":466,"column":57},"end":{"line":466,"column":66}}]},"71":{"loc":{"start":{"line":466,"column":29},"end":{"line":466,"column":57}},"type":"binary-expr","locations":[{"start":{"line":466,"column":29},"end":{"line":466,"column":57}},{"start":{"line":466,"column":53},"end":{"line":466,"column":57}}]},"72":{"loc":{"start":{"line":475,"column":4},"end":{"line":508,"column":5}},"type":"if","locations":[{"start":{"line":475,"column":4},"end":{"line":508,"column":5}},{"start":{"line":506,"column":11},"end":{"line":508,"column":5}}]},"73":{"loc":{"start":{"line":475,"column":8},"end":{"line":475,"column":43}},"type":"binary-expr","locations":[{"start":{"line":475,"column":8},"end":{"line":475,"column":18}},{"start":{"line":475,"column":22},"end":{"line":475,"column":43}}]},"74":{"loc":{"start":{"line":483,"column":8},"end":{"line":488,"column":9}},"type":"if","locations":[{"start":{"line":483,"column":8},"end":{"line":488,"column":9}}]},"75":{"loc":{"start":{"line":498,"column":8},"end":{"line":498,"column":62}},"type":"if","locations":[{"start":{"line":498,"column":8},"end":{"line":498,"column":62}}]},"76":{"loc":{"start":{"line":503,"column":8},"end":{"line":503,"column":72}},"type":"cond-expr","locations":[{"start":{"line":503,"column":41},"end":{"line":503,"column":60}},{"start":{"line":503,"column":63},"end":{"line":503,"column":72}}]},"77":{"loc":{"start":{"line":515,"column":4},"end":{"line":542,"column":5}},"type":"if","locations":[{"start":{"line":515,"column":4},"end":{"line":542,"column":5}},{"start":{"line":540,"column":11},"end":{"line":542,"column":5}}]},"78":{"loc":{"start":{"line":515,"column":8},"end":{"line":515,"column":69}},"type":"binary-expr","locations":[{"start":{"line":515,"column":8},"end":{"line":515,"column":38}},{"start":{"line":515,"column":42},"end":{"line":515,"column":69}}]},"79":{"loc":{"start":{"line":516,"column":24},"end":{"line":516,"column":58}},"type":"cond-expr","locations":[{"start":{"line":516,"column":47},"end":{"line":516,"column":50}},{"start":{"line":516,"column":47},"end":{"line":516,"column":58}}]},"80":{"loc":{"start":{"line":516,"column":24},"end":{"line":516,"column":50}},"type":"binary-expr","locations":[{"start":{"line":516,"column":24},"end":{"line":516,"column":50}},{"start":{"line":516,"column":47},"end":{"line":516,"column":50}}]},"81":{"loc":{"start":{"line":519,"column":6},"end":{"line":539,"column":7}},"type":"switch","locations":[{"start":{"line":520,"column":8},"end":{"line":525,"column":11}},{"start":{"line":527,"column":8},"end":{"line":531,"column":null}},{"start":{"line":533,"column":8},"end":{"line":538,"column":16}}]},"82":{"loc":{"start":{"line":519,"column":14},"end":{"line":519,"column":29}},"type":"cond-expr","locations":[{"start":{"line":519,"column":23},"end":{"line":519,"column":25}},{"start":{"line":519,"column":14},"end":{"line":519,"column":29}}]},"83":{"loc":{"start":{"line":519,"column":14},"end":{"line":519,"column":25}},"type":"binary-expr","locations":[{"start":{"line":519,"column":14},"end":{"line":519,"column":25}},{"start":{"line":519,"column":14},"end":{"line":519,"column":25}}]},"84":{"loc":{"start":{"line":521,"column":10},"end":{"line":525,"column":11}},"type":"if","locations":[{"start":{"line":521,"column":10},"end":{"line":525,"column":11}},{"start":{"line":523,"column":17},"end":{"line":525,"column":11}}]},"85":{"loc":{"start":{"line":522,"column":19},"end":{"line":522,"column":59}},"type":"cond-expr","locations":[{"start":{"line":522,"column":37},"end":{"line":522,"column":46}},{"start":{"line":522,"column":49},"end":{"line":522,"column":59}}]},"86":{"loc":{"start":{"line":524,"column":19},"end":{"line":524,"column":59}},"type":"cond-expr","locations":[{"start":{"line":524,"column":37},"end":{"line":524,"column":47}},{"start":{"line":524,"column":50},"end":{"line":524,"column":59}}]}},"s":{"0":1,"1":1,"2":1,"3":1,"4":1,"5":0,"6":0,"7":0,"8":0,"9":0,"10":0,"11":0,"12":0,"13":0,"14":0,"15":0,"16":0,"17":0,"18":0,"19":0,"20":0,"21":0,"22":0,"23":0,"24":0,"25":0,"26":0,"27":0,"28":0,"29":0,"30":0,"31":0,"32":0,"33":0,"34":0,"35":0,"36":0,"37":0,"38":0,"39":0,"40":0,"41":0,"42":0,"43":0,"44":0,"45":0,"46":0,"47":0,"48":0,"49":0,"50":0,"51":0,"52":0,"53":0,"54":0,"55":0,"56":0,"57":0,"58":0,"59":0,"60":0,"61":0,"62":0,"63":0,"64":0,"65":0,"66":0,"67":0,"68":0,"69":0,"70":0,"71":0,"72":0,"73":0,"74":0,"75":0,"76":0,"77":0,"78":0,"79":0,"80":0,"81":0,"82":0,"83":0,"84":0,"85":0,"86":0,"87":0,"88":0,"89":0,"90":0,"91":0,"92":0,"93":0,"94":0,"95":0,"96":0,"97":0,"98":0,"99":0,"100":0,"101":0,"102":0,"103":0,"104":0,"105":0,"106":0,"107":0,"108":0,"109":0,"110":0,"111":0,"112":0,"113":0,"114":0,"115":0,"116":0,"117":0,"118":0,"119":0,"120":0,"121":0,"122":0,"123":0,"124":0,"125":0,"126":0,"127":0,"128":0,"129":0,"130":0,"131":0,"132":0,"133":0,"134":0,"135":0,"136":0,"137":0,"138":0,"139":0,"140":0,"141":0,"142":0,"143":0,"144":0,"145":0,"146":0,"147":0,"148":0,"149":0,"150":0,"151":0,"152":0,"153":0,"154":0,"155":0,"156":0,"157":0,"158":0,"159":0,"160":0,"161":0,"162":0,"163":0,"164":0,"165":0,"166":0,"167":0,"168":0,"169":0,"170":0,"171":0,"172":0,"173":0,"174":0,"175":0,"176":0,"177":0},"f":{"0":0,"1":0,"2":0,"3":0,"4":0,"5":0,"6":0,"7":0,"8":0,"9":0,"10":0,"11":0,"12":0,"13":0,"14":0,"15":0,"16":0,"17":0,"18":0,"19":0},"b":{"0":[0,0],"1":[0,0],"2":[0,0],"3":[0,0],"4":[0],"5":[0],"6":[0,0],"7":[0,0],"8":[0,0],"9":[0,0],"10":[0],"11":[0,0],"12":[0,0],"13":[0],"14":[0],"15":[0],"16":[0,0],"17":[0],"18":[0],"19":[0],"20":[0,0],"21":[0,0],"22":[0,0],"23":[0,0],"24":[0],"25":[0],"26":[0],"27":[0],"28":[0,0],"29":[0,0],"30":[0],"31":[0,0],"32":[0,0],"33":[0],"34":[0,0],"35":[0,0],"36":[0],"37":[0,0],"38":[0,0],"39":[0,0,0],"40":[0],"41":[0,0],"42":[0,0],"43":[0],"44":[0,0],"45":[0,0],"46":[0,0],"47":[0],"48":[0,0],"49":[0,0],"50":[0,0],"51":[0],"52":[0,0],"53":[0,0],"54":[0,0],"55":[0,0,0],"56":[0,0],"57":[0,0],"58":[0],"59":[0,0],"60":[0,0],"61":[0],"62":[0],"63":[0,0],"64":[0],"65":[0,0],"66":[0,0],"67":[0,0],"68":[0,0],"69":[0],"70":[0,0],"71":[0,0],"72":[0,0],"73":[0,0],"74":[0],"75":[0],"76":[0,0],"77":[0,0],"78":[0,0],"79":[0,0],"80":[0,0],"81":[0,0,0],"82":[0,0],"83":[0,0],"84":[0,0],"85":[0,0],"86":[0,0]}}
,"/Users/zachfettersmoore/Documents/Git/apollo-ios-dev/apollo-ios-codegen/Sources/GraphQLCompiler/JavaScript/src/compiler/values.ts": {"path":"/Users/zachfettersmoore/Documents/Git/apollo-ios-dev/apollo-ios-codegen/Sources/GraphQLCompiler/JavaScript/src/compiler/values.ts","statementMap":{"0":{"start":{"line":28,"column":0},"end":{"line":28,"column":16}},"1":{"start":{"line":1,"column":0},"end":{"line":1,"column":42}},"2":{"start":{"line":29,"column":2},"end":{"line":47,"column":3}},"3":{"start":{"line":31,"column":6},"end":{"line":31,"column":67}},"4":{"start":{"line":33,"column":6},"end":{"line":36,"column":8}},"5":{"start":{"line":38,"column":6},"end":{"line":44,"column":8}},"6":{"start":{"line":41,"column":10},"end":{"line":41,"column":69}},"7":{"start":{"line":42,"column":10},"end":{"line":42,"column":24}},"8":{"start":{"line":46,"column":6},"end":{"line":46,"column":23}}},"fnMap":{"0":{"name":"valueFromValueNode","decl":{"start":{"line":28,"column":16},"end":{"line":28,"column":34}},"loc":{"start":{"line":28,"column":55},"end":{"line":48,"column":1}}},"1":{"name":"(anonymous_1)","decl":{"start":{"line":40,"column":39},"end":{"line":40,"column":40}},"loc":{"start":{"line":40,"column":57},"end":{"line":43,"column":9}}}},"branchMap":{"0":{"loc":{"start":{"line":29,"column":2},"end":{"line":47,"column":3}},"type":"switch","locations":[{"start":{"line":30,"column":4},"end":{"line":31,"column":67}},{"start":{"line":32,"column":4},"end":{"line":36,"column":8}},{"start":{"line":37,"column":4},"end":{"line":44,"column":8}},{"start":{"line":45,"column":4},"end":{"line":46,"column":23}}]}},"s":{"0":1,"1":1,"2":0,"3":0,"4":0,"5":0,"6":0,"7":0,"8":0},"f":{"0":0,"1":0},"b":{"0":[0,0,0,0]}}
,"/Users/zachfettersmoore/Documents/Git/apollo-ios-dev/apollo-ios-codegen/Sources/GraphQLCompiler/JavaScript/src/utilities/apolloCodegenSchemaExtension.ts": {"path":"/Users/zachfettersmoore/Documents/Git/apollo-ios-dev/apollo-ios-codegen/Sources/GraphQLCompiler/JavaScript/src/utilities/apolloCodegenSchemaExtension.ts","statementMap":{"0":{"start":{"line":73,"column":0},"end":{"line":73,"column":16}},"1":{"start":{"line":1,"column":0},"end":{"line":1,"column":96}},"2":{"start":{"line":2,"column":0},"end":{"line":2,"column":76}},"3":{"start":{"line":4,"column":13},"end":{"line":10,"column":null}},"4":{"start":{"line":12,"column":13},"end":{"line":26,"column":null}},"5":{"start":{"line":28,"column":13},"end":{"line":48,"column":null}},"6":{"start":{"line":50,"column":13},"end":{"line":64,"column":null}},"7":{"start":{"line":66,"column":25},"end":{"line":71,"column":null}},"8":{"start":{"line":74,"column":21},"end":{"line":77,"column":4}},"9":{"start":{"line":74,"column":58},"end":{"line":76,"column":null}},"10":{"start":{"line":75,"column":4},"end":{"line":76,"column":49}},"11":{"start":{"line":79,"column":2},"end":{"line":82,"column":6}}},"fnMap":{"0":{"name":"addApolloCodegenSchemaExtensionToDocument","decl":{"start":{"line":73,"column":16},"end":{"line":73,"column":57}},"loc":{"start":{"line":73,"column":80},"end":{"line":83,"column":1}}},"1":{"name":"(anonymous_1)","decl":{"start":{"line":74,"column":45},"end":{"line":74,"column":54}},"loc":{"start":{"line":74,"column":58},"end":{"line":76,"column":null}}},"2":{"name":"(anonymous_2)","decl":{"start":{"line":74,"column":85},"end":{"line":74,"column":95}},"loc":{"start":{"line":75,"column":4},"end":{"line":76,"column":49}}}},"branchMap":{"0":{"loc":{"start":{"line":75,"column":4},"end":{"line":76,"column":49}},"type":"binary-expr","locations":[{"start":{"line":75,"column":4},"end":{"line":75,"column":48}},{"start":{"line":76,"column":4},"end":{"line":76,"column":49}}]}},"s":{"0":1,"1":1,"2":1,"3":1,"4":1,"5":1,"6":1,"7":1,"8":12,"9":48,"10":140,"11":12},"f":{"0":12,"1":48,"2":140},"b":{"0":[140,0]}}
,"/Users/zachfettersmoore/Documents/Git/apollo-ios-dev/apollo-ios-codegen/Sources/GraphQLCompiler/JavaScript/src/utilities/experimentalDeferDirective.ts": {"path":"/Users/zachfettersmoore/Documents/Git/apollo-ios-dev/apollo-ios-codegen/Sources/GraphQLCompiler/JavaScript/src/utilities/experimentalDeferDirective.ts","statementMap":{"0":{"start":{"line":19,"column":0},"end":{"line":19,"column":16}},"1":{"start":{"line":53,"column":0},"end":{"line":53,"column":16}},"2":{"start":{"line":1,"column":0},"end":{"line":1,"column":null}},"3":{"start":{"line":11,"column":0},"end":{"line":11,"column":47}},"4":{"start":{"line":20,"column":21},"end":{"line":20,"column":87}},"5":{"start":{"line":22,"column":2},"end":{"line":24,"column":3}},"6":{"start":{"line":23,"column":4},"end":{"line":23,"column":null}},"7":{"start":{"line":26,"column":30},"end":{"line":26,"column":67}},"8":{"start":{"line":28,"column":2},"end":{"line":39,"column":3}},"9":{"start":{"line":29,"column":4},"end":{"line":29,"column":null}},"10":{"start":{"line":31,"column":43},"end":{"line":36,"column":null}},"11":{"start":{"line":34,"column":19},"end":{"line":34,"column":86}},"12":{"start":{"line":38,"column":4},"end":{"line":38,"column":null}},"13":{"start":{"line":41,"column":2},"end":{"line":41,"column":null}},"14":{"start":{"line":54,"column":20},"end":{"line":54,"column":67}},"15":{"start":{"line":56,"column":2},"end":{"line":58,"column":3}},"16":{"start":{"line":57,"column":4},"end":{"line":57,"column":null}},"17":{"start":{"line":60,"column":2},"end":{"line":64,"column":3}},"18":{"start":{"line":61,"column":4},"end":{"line":61,"column":null}},"19":{"start":{"line":63,"column":4},"end":{"line":63,"column":null}},"20":{"start":{"line":66,"column":2},"end":{"line":66,"column":null}},"21":{"start":{"line":71,"column":2},"end":{"line":74,"column":null}},"22":{"start":{"line":78,"column":2},"end":{"line":81,"column":null}},"23":{"start":{"line":87,"column":2},"end":{"line":91,"column":null}},"24":{"start":{"line":89,"column":39},"end":{"line":89,"column":49}},"25":{"start":{"line":90,"column":41},"end":{"line":90,"column":57}},"26":{"start":{"line":90,"column":108},"end":{"line":90,"column":118}},"27":{"start":{"line":97,"column":2},"end":{"line":101,"column":null}},"28":{"start":{"line":100,"column":34},"end":{"line":100,"column":44}},"29":{"start":{"line":100,"column":95},"end":{"line":100,"column":105}}},"fnMap":{"0":{"name":"addExperimentalDeferDirectiveToSDLDocument","decl":{"start":{"line":19,"column":16},"end":{"line":19,"column":58}},"loc":{"start":{"line":19,"column":81},"end":{"line":42,"column":1}}},"1":{"name":"(anonymous_1)","decl":{"start":{"line":34,"column":8},"end":{"line":34,"column":9}},"loc":{"start":{"line":34,"column":19},"end":{"line":34,"column":86}}},"2":{"name":"addExperimentalDeferDirectiveToIntrospectionSchema","decl":{"start":{"line":53,"column":16},"end":{"line":53,"column":66}},"loc":{"start":{"line":53,"column":112},"end":{"line":67,"column":1}}},"3":{"name":"isDeferDirectiveDefinitionNodePredicate","decl":{"start":{"line":70,"column":9},"end":{"line":70,"column":48}},"loc":{"start":{"line":70,"column":70},"end":{"line":75,"column":1}}},"4":{"name":"experimentalDeferDirectiveDocumentNode","decl":{"start":{"line":77,"column":9},"end":{"line":77,"column":47}},"loc":{"start":{"line":77,"column":47},"end":{"line":82,"column":1}}},"5":{"name":"matchDirectiveDefinition","decl":{"start":{"line":86,"column":9},"end":{"line":86,"column":33}},"loc":{"start":{"line":86,"column":95},"end":{"line":92,"column":1}}},"6":{"name":"(anonymous_6)","decl":{"start":{"line":89,"column":29},"end":{"line":89,"column":30}},"loc":{"start":{"line":89,"column":39},"end":{"line":89,"column":49}}},"7":{"name":"(anonymous_7)","decl":{"start":{"line":90,"column":30},"end":{"line":90,"column":31}},"loc":{"start":{"line":90,"column":41},"end":{"line":90,"column":57}}},"8":{"name":"(anonymous_8)","decl":{"start":{"line":90,"column":97},"end":{"line":90,"column":98}},"loc":{"start":{"line":90,"column":108},"end":{"line":90,"column":118}}},"9":{"name":"matchDirective","decl":{"start":{"line":96,"column":9},"end":{"line":96,"column":23}},"loc":{"start":{"line":96,"column":77},"end":{"line":102,"column":1}}},"10":{"name":"(anonymous_10)","decl":{"start":{"line":100,"column":23},"end":{"line":100,"column":24}},"loc":{"start":{"line":100,"column":34},"end":{"line":100,"column":44}}},"11":{"name":"(anonymous_11)","decl":{"start":{"line":100,"column":84},"end":{"line":100,"column":85}},"loc":{"start":{"line":100,"column":95},"end":{"line":100,"column":105}}}},"branchMap":{"0":{"loc":{"start":{"line":22,"column":2},"end":{"line":24,"column":3}},"type":"if","locations":[{"start":{"line":22,"column":2},"end":{"line":24,"column":3}}]},"1":{"loc":{"start":{"line":28,"column":2},"end":{"line":39,"column":3}},"type":"if","locations":[{"start":{"line":28,"column":2},"end":{"line":39,"column":3}}]},"2":{"loc":{"start":{"line":34,"column":19},"end":{"line":34,"column":86}},"type":"cond-expr","locations":[{"start":{"line":34,"column":69},"end":{"line":34,"column":74}},{"start":{"line":34,"column":77},"end":{"line":34,"column":86}}]},"3":{"loc":{"start":{"line":56,"column":2},"end":{"line":58,"column":3}},"type":"if","locations":[{"start":{"line":56,"column":2},"end":{"line":58,"column":3}}]},"4":{"loc":{"start":{"line":60,"column":2},"end":{"line":64,"column":3}},"type":"if","locations":[{"start":{"line":60,"column":2},"end":{"line":64,"column":3}}]},"5":{"loc":{"start":{"line":72,"column":4},"end":{"line":73,"column":51}},"type":"binary-expr","locations":[{"start":{"line":72,"column":4},"end":{"line":72,"column":44}},{"start":{"line":73,"column":4},"end":{"line":73,"column":51}}]},"6":{"loc":{"start":{"line":88,"column":4},"end":{"line":90,"column":137}},"type":"binary-expr","locations":[{"start":{"line":88,"column":4},"end":{"line":88,"column":49}},{"start":{"line":89,"column":4},"end":{"line":89,"column":116}},{"start":{"line":90,"column":4},"end":{"line":90,"column":137}}]},"7":{"loc":{"start":{"line":90,"column":4},"end":{"line":90,"column":76}},"type":"cond-expr","locations":[{"start":{"line":90,"column":24},"end":{"line":90,"column":26}},{"start":{"line":90,"column":24},"end":{"line":90,"column":76}}]},"8":{"loc":{"start":{"line":90,"column":4},"end":{"line":90,"column":26}},"type":"binary-expr","locations":[{"start":{"line":90,"column":4},"end":{"line":90,"column":26}},{"start":{"line":90,"column":24},"end":{"line":90,"column":26}}]},"9":{"loc":{"start":{"line":98,"column":4},"end":{"line":100,"column":124}},"type":"binary-expr","locations":[{"start":{"line":98,"column":4},"end":{"line":98,"column":50}},{"start":{"line":99,"column":4},"end":{"line":99,"column":98}},{"start":{"line":100,"column":4},"end":{"line":100,"column":124}}]}},"s":{"0":1,"1":1,"2":1,"3":1,"4":12,"5":12,"6":12,"7":0,"8":0,"9":0,"10":0,"11":0,"12":0,"13":0,"14":0,"15":0,"16":0,"17":0,"18":0,"19":0,"20":0,"21":83,"22":12,"23":0,"24":0,"25":0,"26":0,"27":0,"28":0,"29":0},"f":{"0":12,"1":0,"2":0,"3":83,"4":12,"5":0,"6":0,"7":0,"8":0,"9":0,"10":0,"11":0},"b":{"0":[12],"1":[0],"2":[0,0],"3":[0],"4":[0],"5":[83,48],"6":[0,0,0],"7":[0,0],"8":[0,0],"9":[0,0,0]}}
,"/Users/zachfettersmoore/Documents/Git/apollo-ios-dev/apollo-ios-codegen/Sources/GraphQLCompiler/JavaScript/src/utilities/fieldPolicyDirective.ts": {"path":"/Users/zachfettersmoore/Documents/Git/apollo-ios-dev/apollo-ios-codegen/Sources/GraphQLCompiler/JavaScript/src/utilities/fieldPolicyDirective.ts","statementMap":{"0":{"start":{"line":24,"column":0},"end":{"line":24,"column":16}},"1":{"start":{"line":39,"column":0},"end":{"line":39,"column":16}},"2":{"start":{"line":1,"column":0},"end":{"line":1,"column":null}},"3":{"start":{"line":15,"column":0},"end":{"line":15,"column":71}},"4":{"start":{"line":17,"column":22},"end":{"line":17,"column":54}},"5":{"start":{"line":27,"column":16},"end":{"line":27,"column":35}},"6":{"start":{"line":29,"column":2},"end":{"line":36,"column":3}},"7":{"start":{"line":30,"column":17},"end":{"line":30,"column":25}},"8":{"start":{"line":32,"column":4},"end":{"line":35,"column":5}},"9":{"start":{"line":34,"column":6},"end":{"line":34,"column":34}},"10":{"start":{"line":42,"column":21},"end":{"line":42,"column":51}},"11":{"start":{"line":43,"column":2},"end":{"line":45,"column":3}},"12":{"start":{"line":44,"column":4},"end":{"line":44,"column":11}},"13":{"start":{"line":47,"column":21},"end":{"line":47,"column":37}},"14":{"start":{"line":49,"column":2},"end":{"line":138,"column":3}},"15":{"start":{"line":50,"column":30},"end":{"line":52,"column":12}},"16":{"start":{"line":51,"column":13},"end":{"line":51,"column":40}},"17":{"start":{"line":53,"column":39},"end":{"line":53,"column":48}},"18":{"start":{"line":54,"column":4},"end":{"line":56,"column":5}},"19":{"start":{"line":55,"column":6},"end":{"line":55,"column":null}},"20":{"start":{"line":58,"column":4},"end":{"line":63,"column":5}},"21":{"start":{"line":59,"column":6},"end":{"line":62,"column":8}},"22":{"start":{"line":65,"column":29},"end":{"line":67,"column":12}},"23":{"start":{"line":66,"column":13},"end":{"line":66,"column":39}},"24":{"start":{"line":68,"column":40},"end":{"line":68,"column":49}},"25":{"start":{"line":69,"column":4},"end":{"line":72,"column":5}},"26":{"start":{"line":70,"column":22},"end":{"line":70,"column":55}},"27":{"start":{"line":71,"column":6},"end":{"line":71,"column":54}},"28":{"start":{"line":74,"column":4},"end":{"line":79,"column":5}},"29":{"start":{"line":75,"column":6},"end":{"line":78,"column":8}},"30":{"start":{"line":82,"column":24},"end":{"line":82,"column":44}},"31":{"start":{"line":83,"column":4},"end":{"line":88,"column":5}},"32":{"start":{"line":84,"column":6},"end":{"line":87,"column":8}},"33":{"start":{"line":91,"column":19},"end":{"line":91,"column":49}},"34":{"start":{"line":92,"column":23},"end":{"line":92,"column":76}},"35":{"start":{"line":92,"column":52},"end":{"line":92,"column":68}},"36":{"start":{"line":93,"column":4},"end":{"line":102,"column":5}},"37":{"start":{"line":94,"column":6},"end":{"line":101,"column":7}},"38":{"start":{"line":95,"column":8},"end":{"line":100,"column":10}},"39":{"start":{"line":105,"column":4},"end":{"line":131,"column":5}},"40":{"start":{"line":106,"column":26},"end":{"line":106,"column":27}},"41":{"start":{"line":107,"column":32},"end":{"line":107,"column":60}},"42":{"start":{"line":109,"column":6},"end":{"line":113,"column":7}},"43":{"start":{"line":110,"column":8},"end":{"line":112,"column":9}},"44":{"start":{"line":111,"column":10},"end":{"line":111,"column":29}},"45":{"start":{"line":116,"column":6},"end":{"line":121,"column":7}},"46":{"start":{"line":117,"column":8},"end":{"line":120,"column":10}},"47":{"start":{"line":125,"column":6},"end":{"line":130,"column":7}},"48":{"start":{"line":126,"column":8},"end":{"line":129,"column":10}},"49":{"start":{"line":133,"column":4},"end":{"line":137,"column":5}},"50":{"start":{"line":134,"column":7},"end":{"line":134,"column":null}},"51":{"start":{"line":136,"column":7},"end":{"line":136,"column":null}},"52":{"start":{"line":144,"column":2},"end":{"line":146,"column":3}},"53":{"start":{"line":145,"column":4},"end":{"line":145,"column":21}},"54":{"start":{"line":148,"column":34},"end":{"line":148,"column":36}},"55":{"start":{"line":150,"column":2},"end":{"line":157,"column":3}},"56":{"start":{"line":151,"column":22},"end":{"line":152,"column":null}},"57":{"start":{"line":152,"column":13},"end":{"line":152,"column":43}},"58":{"start":{"line":154,"column":4},"end":{"line":156,"column":5}},"59":{"start":{"line":155,"column":6},"end":{"line":155,"column":null}},"60":{"start":{"line":159,"column":2},"end":{"line":163,"column":3}},"61":{"start":{"line":160,"column":4},"end":{"line":162,"column":5}},"62":{"start":{"line":161,"column":6},"end":{"line":161,"column":29}},"63":{"start":{"line":165,"column":2},"end":{"line":186,"column":3}},"64":{"start":{"line":166,"column":4},"end":{"line":185,"column":5}},"65":{"start":{"line":167,"column":20},"end":{"line":167,"column":59}},"66":{"start":{"line":168,"column":6},"end":{"line":170,"column":7}},"67":{"start":{"line":169,"column":8},"end":{"line":169,"column":17}},"68":{"start":{"line":172,"column":6},"end":{"line":184,"column":7}},"69":{"start":{"line":173,"column":24},"end":{"line":173,"column":29}},"70":{"start":{"line":174,"column":8},"end":{"line":179,"column":9}},"71":{"start":{"line":175,"column":10},"end":{"line":178,"column":11}},"72":{"start":{"line":176,"column":12},"end":{"line":176,"column":29}},"73":{"start":{"line":177,"column":12},"end":{"line":177,"column":18}},"74":{"start":{"line":181,"column":8},"end":{"line":183,"column":9}},"75":{"start":{"line":182,"column":10},"end":{"line":182,"column":38}},"76":{"start":{"line":188,"column":2},"end":{"line":188,"column":null}},"77":{"start":{"line":195,"column":2},"end":{"line":208,"column":4}},"78":{"start":{"line":198,"column":8},"end":{"line":198,"column":74}},"79":{"start":{"line":204,"column":8},"end":{"line":204,"column":74}}},"fnMap":{"0":{"name":"addFieldPolicyDirectivesToSchema","decl":{"start":{"line":24,"column":16},"end":{"line":24,"column":48}},"loc":{"start":{"line":25,"column":23},"end":{"line":37,"column":1}}},"1":{"name":"applyFieldPoliciesFor","decl":{"start":{"line":39,"column":16},"end":{"line":39,"column":37}},"loc":{"start":{"line":40,"column":28},"end":{"line":139,"column":1}}},"2":{"name":"(anonymous_2)","decl":{"start":{"line":51,"column":6},"end":{"line":51,"column":7}},"loc":{"start":{"line":51,"column":13},"end":{"line":51,"column":40}}},"3":{"name":"(anonymous_3)","decl":{"start":{"line":66,"column":6},"end":{"line":66,"column":7}},"loc":{"start":{"line":66,"column":13},"end":{"line":66,"column":39}}},"4":{"name":"(anonymous_4)","decl":{"start":{"line":92,"column":43},"end":{"line":92,"column":48}},"loc":{"start":{"line":92,"column":52},"end":{"line":92,"column":68}}},"5":{"name":"fieldPolicyDirectivesFor","decl":{"start":{"line":141,"column":9},"end":{"line":141,"column":33}},"loc":{"start":{"line":142,"column":28},"end":{"line":189,"column":1}}},"6":{"name":"(anonymous_6)","decl":{"start":{"line":152,"column":6},"end":{"line":152,"column":7}},"loc":{"start":{"line":152,"column":13},"end":{"line":152,"column":43}}},"7":{"name":"matchDirectiveArguments","decl":{"start":{"line":191,"column":9},"end":{"line":191,"column":32}},"loc":{"start":{"line":193,"column":23},"end":{"line":209,"column":1}}},"8":{"name":"(anonymous_8)","decl":{"start":{"line":197,"column":11},"end":{"line":197,"column":12}},"loc":{"start":{"line":198,"column":8},"end":{"line":198,"column":74}}},"9":{"name":"(anonymous_9)","decl":{"start":{"line":203,"column":11},"end":{"line":203,"column":12}},"loc":{"start":{"line":204,"column":8},"end":{"line":204,"column":74}}}},"branchMap":{"0":{"loc":{"start":{"line":32,"column":4},"end":{"line":35,"column":5}},"type":"if","locations":[{"start":{"line":32,"column":4},"end":{"line":35,"column":5}}]},"1":{"loc":{"start":{"line":32,"column":8},"end":{"line":32,"column":81}},"type":"binary-expr","locations":[{"start":{"line":32,"column":8},"end":{"line":32,"column":41}},{"start":{"line":32,"column":45},"end":{"line":32,"column":81}}]},"2":{"loc":{"start":{"line":43,"column":2},"end":{"line":45,"column":3}},"type":"if","locations":[{"start":{"line":43,"column":2},"end":{"line":45,"column":3}}]},"3":{"loc":{"start":{"line":43,"column":6},"end":{"line":43,"column":38}},"type":"binary-expr","locations":[{"start":{"line":43,"column":6},"end":{"line":43,"column":17}},{"start":{"line":43,"column":21},"end":{"line":43,"column":38}}]},"4":{"loc":{"start":{"line":50,"column":30},"end":{"line":52,"column":12}},"type":"cond-expr","locations":[{"start":{"line":52,"column":5},"end":{"line":52,"column":7}},{"start":{"line":52,"column":5},"end":{"line":52,"column":12}}]},"5":{"loc":{"start":{"line":50,"column":30},"end":{"line":52,"column":7}},"type":"binary-expr","locations":[{"start":{"line":50,"column":30},"end":{"line":52,"column":7}},{"start":{"line":52,"column":5},"end":{"line":52,"column":7}}]},"6":{"loc":{"start":{"line":50,"column":30},"end":{"line":51,"column":null}},"type":"cond-expr","locations":[{"start":{"line":50,"column":49},"end":{"line":50,"column":51}},{"start":{"line":50,"column":49},"end":{"line":51,"column":null}}]},"7":{"loc":{"start":{"line":50,"column":30},"end":{"line":50,"column":51}},"type":"binary-expr","locations":[{"start":{"line":50,"column":30},"end":{"line":50,"column":51}},{"start":{"line":50,"column":49},"end":{"line":50,"column":51}}]},"8":{"loc":{"start":{"line":54,"column":4},"end":{"line":56,"column":5}},"type":"if","locations":[{"start":{"line":54,"column":4},"end":{"line":56,"column":5}}]},"9":{"loc":{"start":{"line":54,"column":8},"end":{"line":54,"column":31}},"type":"cond-expr","locations":[{"start":{"line":54,"column":25},"end":{"line":54,"column":27}},{"start":{"line":54,"column":8},"end":{"line":54,"column":31}}]},"10":{"loc":{"start":{"line":54,"column":8},"end":{"line":54,"column":27}},"type":"binary-expr","locations":[{"start":{"line":54,"column":8},"end":{"line":54,"column":27}},{"start":{"line":54,"column":8},"end":{"line":54,"column":27}}]},"11":{"loc":{"start":{"line":58,"column":4},"end":{"line":63,"column":5}},"type":"if","locations":[{"start":{"line":58,"column":4},"end":{"line":63,"column":5}}]},"12":{"loc":{"start":{"line":65,"column":29},"end":{"line":67,"column":12}},"type":"cond-expr","locations":[{"start":{"line":67,"column":5},"end":{"line":67,"column":7}},{"start":{"line":67,"column":5},"end":{"line":67,"column":12}}]},"13":{"loc":{"start":{"line":65,"column":29},"end":{"line":67,"column":7}},"type":"binary-expr","l
[...]
":3,"column":0},"end":{"line":3,"column":16}},"1":{"start":{"line":10,"column":0},"end":{"line":10,"column":16}},"2":{"start":{"line":17,"column":0},"end":{"line":17,"column":16}},"3":{"start":{"line":26,"column":0},"end":{"line":26,"column":16}},"4":{"start":{"line":37,"column":0},"end":{"line":37,"column":16}},"5":{"start":{"line":44,"column":0},"end":{"line":44,"column":16}},"6":{"start":{"line":1,"column":0},"end":{"line":1,"column":206}},"7":{"start":{"line":4,"column":2},"end":{"line":7,"column":null}},"8":{"start":{"line":11,"column":2},"end":{"line":14,"column":null}},"9":{"start":{"line":18,"column":2},"end":{"line":23,"column":null}},"10":{"start":{"line":27,"column":2},"end":{"line":34,"column":null}},"11":{"start":{"line":32,"column":47},"end":{"line":32,"column":60}},"12":{"start":{"line":33,"column":42},"end":{"line":33,"column":71}},"13":{"start":{"line":38,"column":2},"end":{"line":41,"column":null}},"14":{"start":{"line":45,"column":2},"end":{"line":48,"column":null}}},"fnMap":{"0":{"name":"nameNode","decl":{"start":{"line":3,"column":16},"end":{"line":3,"column":24}},"loc":{"start":{"line":3,"column":37},"end":{"line":8,"column":1}}},"1":{"name":"stringNode","decl":{"start":{"line":10,"column":16},"end":{"line":10,"column":26}},"loc":{"start":{"line":10,"column":40},"end":{"line":15,"column":1}}},"2":{"name":"inputValueDefinitionNode","decl":{"start":{"line":17,"column":16},"end":{"line":17,"column":40}},"loc":{"start":{"line":17,"column":61},"end":{"line":24,"column":1}}},"3":{"name":"definitionNode","decl":{"start":{"line":26,"column":16},"end":{"line":26,"column":30}},"loc":{"start":{"line":26,"column":59},"end":{"line":35,"column":1}}},"4":{"name":"(anonymous_4)","decl":{"start":{"line":32,"column":40},"end":{"line":32,"column":43}},"loc":{"start":{"line":32,"column":47},"end":{"line":32,"column":60}}},"5":{"name":"(anonymous_5)","decl":{"start":{"line":33,"column":35},"end":{"line":33,"column":38}},"loc":{"start":{"line":33,"column":42},"end":{"line":33,"column":71}}},"6":{"name":"typeNode","decl":{"start":{"line":37,"column":16},"end":{"line":37,"column":24}},"loc":{"start":{"line":37,"column":47},"end":{"line":42,"column":1}}},"7":{"name":"nonNullNode","decl":{"start":{"line":44,"column":16},"end":{"line":44,"column":27}},"loc":{"start":{"line":44,"column":62},"end":{"line":49,"column":1}}}},"branchMap":{"0":{"loc":{"start":{"line":29,"column":17},"end":{"line":29,"column":88}},"type":"cond-expr","locations":[{"start":{"line":29,"column":42},"end":{"line":29,"column":76}},{"start":{"line":29,"column":79},"end":{"line":29,"column":88}}]}},"s":{"0":1,"1":1,"2":1,"3":1,"4":1,"5":1,"6":1,"7":108,"8":44,"9":24,"10":12,"11":24,"12":24,"13":28,"14":4},"f":{"0":108,"1":44,"2":24,"3":12,"4":24,"5":24,"6":28,"7":4},"b":{"0":[12,0]}}
,"/Users/zachfettersmoore/Documents/Git/apollo-ios-dev/apollo-ios-codegen/Sources/GraphQLCompiler/JavaScript/src/utilities/predicates.ts": {"path":"/Users/zachfettersmoore/Documents/Git/apollo-ios-dev/apollo-ios-codegen/Sources/GraphQLCompiler/JavaScript/src/utilities/predicates.ts","statementMap":{"0":{"start":{"line":1,"column":0},"end":{"line":1,"column":16}},"1":{"start":{"line":7,"column":0},"end":{"line":7,"column":16}},"2":{"start":{"line":4,"column":2},"end":{"line":4,"column":56}},"3":{"start":{"line":8,"column":2},"end":{"line":13,"column":4}}},"fnMap":{"0":{"name":"isNotNullOrUndefined","decl":{"start":{"line":1,"column":16},"end":{"line":1,"column":36}},"loc":{"start":{"line":2,"column":29},"end":{"line":5,"column":1}}},"1":{"name":"isObject","decl":{"start":{"line":7,"column":16},"end":{"line":7,"column":24}},"loc":{"start":{"line":7,"column":35},"end":{"line":14,"column":1}}}},"branchMap":{"0":{"loc":{"start":{"line":4,"column":9},"end":{"line":4,"column":55}},"type":"binary-expr","locations":[{"start":{"line":4,"column":9},"end":{"line":4,"column":23}},{"start":{"line":4,"column":27},"end":{"line":4,"column":55}}]},"1":{"loc":{"start":{"line":9,"column":4},"end":{"line":12,"column":25}},"type":"binary-expr","locations":[{"start":{"line":9,"column":4},"end":{"line":9,"column":23}},{"start":{"line":10,"column":4},"end":{"line":10,"column":18}},{"start":{"line":11,"column":4},"end":{"line":11,"column":29}},{"start":{"line":12,"column":4},"end":{"line":12,"column":25}}]}},"s":{"0":1,"1":1,"2":0,"3":0},"f":{"0":0,"1":0},"b":{"0":[0,0],"1":[0,0,0,0]}}
,"/Users/zachfettersmoore/Documents/Git/apollo-ios-dev/apollo-ios-codegen/Sources/GraphQLCompiler/JavaScript/src/utilities/typePolicyDirective.ts": {"path":"/Users/zachfettersmoore/Documents/Git/apollo-ios-dev/apollo-ios-codegen/Sources/GraphQLCompiler/JavaScript/src/utilities/typePolicyDirective.ts","statementMap":{"0":{"start":{"line":147,"column":0},"end":{"line":147,"column":16}},"1":{"start":{"line":167,"column":0},"end":{"line":167,"column":16}},"2":{"start":{"line":1,"column":0},"end":{"line":1,"column":null}},"3":{"start":{"line":15,"column":0},"end":{"line":15,"column":70}},"4":{"start":{"line":17,"column":22},"end":{"line":17,"column":53}},"5":{"start":{"line":28,"column":2},"end":{"line":41,"column":4}},"6":{"start":{"line":31,"column":8},"end":{"line":31,"column":74}},"7":{"start":{"line":37,"column":8},"end":{"line":37,"column":74}},"8":{"start":{"line":47,"column":2},"end":{"line":49,"column":3}},"9":{"start":{"line":48,"column":4},"end":{"line":48,"column":21}},"10":{"start":{"line":51,"column":2},"end":{"line":58,"column":3}},"11":{"start":{"line":52,"column":22},"end":{"line":53,"column":null}},"12":{"start":{"line":53,"column":13},"end":{"line":53,"column":43}},"13":{"start":{"line":55,"column":4},"end":{"line":57,"column":5}},"14":{"start":{"line":56,"column":6},"end":{"line":56,"column":41}},"15":{"start":{"line":61,"column":2},"end":{"line":66,"column":3}},"16":{"start":{"line":62,"column":4},"end":{"line":65,"column":5}},"17":{"start":{"line":63,"column":6},"end":{"line":63,"column":43}},"18":{"start":{"line":64,"column":6},"end":{"line":64,"column":12}},"19":{"start":{"line":68,"column":2},"end":{"line":89,"column":3}},"20":{"start":{"line":69,"column":4},"end":{"line":88,"column":5}},"21":{"start":{"line":70,"column":20},"end":{"line":70,"column":57}},"22":{"start":{"line":71,"column":6},"end":{"line":71,"column":27}},"23":{"start":{"line":71,"column":18},"end":{"line":71,"column":27}},"24":{"start":{"line":73,"column":6},"end":{"line":87,"column":7}},"25":{"start":{"line":74,"column":8},"end":{"line":74,"column":23}},"26":{"start":{"line":75,"column":13},"end":{"line":87,"column":7}},"27":{"start":{"line":76,"column":8},"end":{"line":86,"column":9}},"28":{"start":{"line":77,"column":10},"end":{"line":80,"column":12}},"29":{"start":{"line":82,"column":10},"end":{"line":85,"column":12}},"30":{"start":{"line":91,"column":2},"end":{"line":91,"column":16}},"31":{"start":{"line":98,"column":38},"end":{"line":98,"column":44}},"32":{"start":{"line":100,"column":2},"end":{"line":102,"column":3}},"33":{"start":{"line":101,"column":4},"end":{"line":101,"column":11}},"34":{"start":{"line":104,"column":16},"end":{"line":104,"column":62}},"35":{"start":{"line":106,"column":18},"end":{"line":106,"column":34}},"36":{"start":{"line":107,"column":2},"end":{"line":144,"column":3}},"37":{"start":{"line":108,"column":4},"end":{"line":113,"column":5}},"38":{"start":{"line":109,"column":6},"end":{"line":112,"column":8}},"39":{"start":{"line":115,"column":24},"end":{"line":115,"column":43}},"40":{"start":{"line":116,"column":4},"end":{"line":121,"column":5}},"41":{"start":{"line":117,"column":6},"end":{"line":120,"column":8}},"42":{"start":{"line":123,"column":4},"end":{"line":132,"column":5}},"43":{"start":{"line":124,"column":6},"end":{"line":131,"column":8}},"44":{"start":{"line":134,"column":4},"end":{"line":143,"column":5}},"45":{"start":{"line":135,"column":6},"end":{"line":142,"column":8}},"46":{"start":{"line":148,"column":17},"end":{"line":148,"column":45}},"47":{"start":{"line":149,"column":2},"end":{"line":151,"column":3}},"48":{"start":{"line":150,"column":4},"end":{"line":150,"column":14}},"49":{"start":{"line":153,"column":24},"end":{"line":155,"column":10}},"50":{"start":{"line":154,"column":11},"end":{"line":154,"column":39}},"51":{"start":{"line":156,"column":2},"end":{"line":158,"column":3}},"52":{"start":{"line":157,"column":4},"end":{"line":157,"column":14}},"53":{"start":{"line":160,"column":17},"end":{"line":160,"column":47}},"54":{"start":{"line":162,"column":2},"end":{"line":162,"column":36}},"55":{"start":{"line":164,"column":2},"end":{"line":164,"column":16}},"56":{"start":{"line":168,"column":16},"end":{"line":168,"column":35}},"57":{"start":{"line":170,"column":2},"end":{"line":176,"column":3}},"58":{"start":{"line":171,"column":17},"end":{"line":171,"column":27}},"59":{"start":{"line":173,"column":4},"end":{"line":175,"column":5}},"60":{"start":{"line":174,"column":7},"end":{"line":174,"column":58}}},"fnMap":{"0":{"name":"matchDirectiveArguments","decl":{"start":{"line":24,"column":9},"end":{"line":24,"column":32}},"loc":{"start":{"line":26,"column":23},"end":{"line":42,"column":1}}},"1":{"name":"(anonymous_1)","decl":{"start":{"line":30,"column":11},"end":{"line":30,"column":12}},"loc":{"start":{"line":31,"column":8},"end":{"line":31,"column":74}}},"2":{"name":"(anonymous_2)","decl":{"start":{"line":36,"column":11},"end":{"line":36,"column":12}},"loc":{"start":{"line":37,"column":8},"end":{"line":37,"column":74}}},"3":{"name":"typePolicyDirectiveFor","decl":{"start":{"line":44,"column":9},"end":{"line":44,"column":31}},"loc":{"start":{"line":45,"column":28},"end":{"line":92,"column":1}}},"4":{"name":"(anonymous_4)","decl":{"start":{"line":53,"column":6},"end":{"line":53,"column":7}},"loc":{"start":{"line":53,"column":13},"end":{"line":53,"column":43}}},"5":{"name":"validateKeyFields","decl":{"start":{"line":94,"column":9},"end":{"line":94,"column":26}},"loc":{"start":{"line":96,"column":21},"end":{"line":145,"column":1}}},"6":{"name":"keyFieldsFor","decl":{"start":{"line":147,"column":16},"end":{"line":147,"column":28}},"loc":{"start":{"line":147,"column":55},"end":{"line":165,"column":1}}},"7":{"name":"(anonymous_7)","decl":{"start":{"line":154,"column":4},"end":{"line":154,"column":5}},"loc":{"start":{"line":154,"column":11},"end":{"line":154,"column":39}}},"8":{"name":"addTypePolicyDirectivesToSchema","decl":{"start":{"line":167,"column":16},"end":{"line":167,"column":47}},"loc":{"start":{"line":167,"column":69},"end":{"line":177,"column":1}}}},"branchMap":{"0":{"loc":{"start":{"line":29,"column":5},"end":{"line":29,"column":26}},"type":"cond-expr","locations":[{"start":{"line":29,"column":20},"end":{"line":29,"column":24}},{"start":{"line":29,"column":24},"end":{"line":29,"column":26}}]},"1":{"loc":{"start":{"line":29,"column":5},"end":{"line":29,"column":24}},"type":"binary-expr","locations":[{"start":{"line":29,"column":5},"end":{"line":29,"column":24}},{"start":{"line":29,"column":20},"end":{"line":29,"column":24}}]},"2":{"loc":{"start":{"line":35,"column":5},"end":{"line":35,"column":27}},"type":"cond-expr","locations":[{"start":{"line":35,"column":21},"end":{"line":35,"column":25}},{"start":{"line":35,"column":25},"end":{"line":35,"column":27}}]},"3":{"loc":{"start":{"line":35,"column":5},"end":{"line":35,"column":25}},"type":"binary-expr","locations":[{"start":{"line":35,"column":5},"end":{"line":35,"column":25}},{"start":{"line":35,"column":21},"end":{"line":35,"column":25}}]},"4":{"loc":{"start":{"line":47,"column":2},"end":{"line":49,"column":3}},"type":"if","locations":[{"start":{"line":47,"column":2},"end":{"line":49,"column":3}}]},"5":{"loc":{"start":{"line":51,"column":26},"end":{"line":51,"column":54}},"type":"cond-expr","locations":[{"start":{"line":51,"column":48},"end":{"line":51,"column":52}},{"start":{"line":51,"column":52},"end":{"line":51,"column":54}}]},"6":{"loc":{"start":{"line":51,"column":26},"end":{"line":51,"column":52}},"type":"binary-expr","locations":[{"start":{"line":51,"column":26},"end":{"line":51,"column":52}},{"start":{"line":51,"column":48},"end":{"line":51,"column":52}}]},"7":{"loc":{"start":{"line":52,"column":22},"end":{"line":53,"column":null}},"type":"cond-expr","locations":[{"start":{"line":52,"column":42},"end":{"line":52,"column":44}},{"start":{"line":52,"column":42},"end":{"line":53,"column":null}}]},"8":{"loc":{"start":{"line":52,"column":22},"end":{"line":52,"column":44}},"type":"binary-expr","locations":[{"start":{"line":52,"column":22},"end":{"line":52,"column":44}},{"start":{"line":52,"column":42},"end":{"line":52,"column":44}}]},"9":{"loc":{"start":{"line":55,"column":4},"end":{"line":57,"column":5}},"type":"if","locations":[{"start":{"line":55,"column":4},"end":{"line":57,"column":5}}]},"10":{"loc":{"start":{"line":61,"column":26},"end":{"line":61,"column":56}},"type":"cond-expr","locations":[{"start":{"line":61,"column":50},"end":{"line":61,"column":54}},{"start":{"line":61,"column":54},"end":{"line":61,"column":56}}]},"11":{"loc":{"start":{"line":61,"column":26},"end":{"line":61,"column":54}},"type":"binary-expr","locations":[{"start":{"line":61,"column":26},"end":{"line":61,"column":54}},{"start":{"line":61,"column":50},"end":{"line":61,"column":54}}]},"12":{"loc":{"start":{"line":61,"column":26},"end":{"line":61,"column":50}},"type":"cond-expr","locations":[{"start":{"line":61,"column":38},"end":{"line":61,"column":40}},{"start":{"line":61,"column":38},"end":{"line":61,"column":50}}]},"13":{"loc":{"start":{"line":61,"column":26},"end":{"line":61,"column":40}},"type":"binary-expr","locations":[{"start":{"line":61,"column":26},"end":{"line":61,"column":40}},{"start":{"line":61,"column":38},"end":{"line":61,"column":40}}]},"14":{"loc":{"start":{"line":62,"column":4},"end":{"line":65,"column":5}},"type":"if","locations":[{"start":{"line":62,"column":4},"end":{"line":65,"column":5}}]},"15":{"loc":{"start":{"line":68,"column":2},"end":{"line":89,"column":3}},"type":"if","locations":[{"start":{"line":68,"column":2},"end":{"line":89,"column":3}}]},"16":{"loc":{"start":{"line":71,"column":6},"end":{"line":71,"column":27}},"type":"if","locations":[{"start":{"line":71,"column":6},"end":{"line":71,"column":27}}]},"17":{"loc":{"start":{"line":73,"column":6},"end":{"line":87,"column":7}},"type":"if","locations":[{"start":{"line":73,"column":6},"end":{"line":87,"column":7}},{"start":{"line":75,"column":13},"end":{"line":87,"column":7}}]},"18":{"loc":{"start":{"line":75,"column":13},"end":{"line":87,"column":7}},"type":"if","locations":[{"start":{"line":75,"column":13},"end":{"line":87,"column":7}}]},"19":{"loc":{"start":{"line":76,"column":8},"end":{"line":86,"column":9}},"type":"if","locations":[{"start":{"line":76,"column":8},"end":{"line":86,"column":9}},{"start":{"line":81,"column":15},"end":{"line":86,"column":9}}]},"20":{"loc":{"start":{"line":100,"column":2},"end":{"line":102,"column":3}},"type":"if","locations":[{"start":{"line":100,"column":2},"end":{"line":102,"column":3}}]},"21":{"loc":{"start":{"line":104,"column":16},"end":{"line":104,"column":62}},"type":"cond-expr","locations":[{"start":{"line":104,"column":40},"end":{"line":104,"column":51}},{"start":{"line":104,"column":54},"end":{"line":104,"column":62}}]},"22":{"loc":{"start":{"line":108,"column":4},"end":{"line":113,"column":5}},"type":"if","locations":[{"start":{"line":108,"column":4},"end":{"line":113,"column":5}}]},"23":{"loc":{"start":{"line":116,"column":4},"end":{"line":121,"column":5}},"type":"if","locations":[{"start":{"line":116,"column":4},"end":{"line":121,"column":5}}]},"24":{"loc":{"start":{"line":119,"column":17},"end":{"line":119,"column":69}},"type":"cond-expr","locations":[{"start":{"line":119,"column":32},"end":{"line":119,"column":57}},{"start":{"line":119,"column":60},"end":{"line":119,"column":69}}]},"25":{"loc":{"start":{"line":123,"column":4},"end":{"line":132,"column":5}},"type":"if","locations":[{"start":{"line":123,"column":4},"end":{"line":132,"column":5}}]},"26":{"loc":{"start":{"line":127,"column":17},"end":{"line":129,"column":23}},"type":"cond-expr","locations":[{"start":{"line":128,"column":14},"end":{"line":128,"column":46}},{"start":{"line":129,"column":14},"end":{"line":129,"column":23}}]},"27":{"loc":{"start":{"line":134,"column":4},"end":{"line":143,"column":5}},"type":"if","locations":[{"start":{"line":134,"column":4},"end":{"line":143,"column":5}}]},"28":{"loc":{"start":{"line":138,"column":17},"end":{"line":140,"column":23}},"type":"cond-expr","locations":[{"start":{"line":139,"column":14},"end":{"line":139,"column":46}},{"start":{"line":140,"column":14},"end":{"line":140,"column":23}}]},"29":{"loc":{"start":{"line":149,"column":2},"end":{"line":151,"column":3}},"type":"if","locations":[{"start":{"line":149,"column":2},"end":{"line":151,"column":3}}]},"30":{"loc":{"start":{"line":153,"column":24},"end":{"line":155,"column":10}},"type":"cond-expr","locations":[{"start":{"line":155,"column":3},"end":{"line":155,"column":5}},{"start":{"line":155,"column":3},"end":{"line":155,"column":10}}]},"31":{"loc":{"start":{"line":153,"column":24},"end":{"line":155,"column":5}},"type":"binary-expr","locations":[{"start":{"line":153,"column":24},"end":{"line":155,"column":5}},{"start":{"line":155,"column":3},"end":{"line":155,"column":5}}]},"32":{"loc":{"start":{"line":153,"column":24},"end":{"line":154,"column":null}},"type":"cond-expr","locations":[{"start":{"line":153,"column":51},"end":{"line":153,"column":53}},{"start":{"line":153,"column":51},"end":{"line":154,"column":null}}]},"33":{"loc":{"start":{"line":153,"column":24},"end":{"line":153,"column":53}},"type":"binary-expr","locations":[{"start":{"line":153,"column":24},"end":{"line":153,"column":53}},{"start":{"line":153,"column":51},"end":{"line":153,"column":53}}]},"34":{"loc":{"start":{"line":153,"column":24},"end":{"line":153,"column":51}},"type":"cond-expr","locations":[{"start":{"line":153,"column":40},"end":{"line":153,"column":42}},{"start":{"line":153,"column":40},"end":{"line":153,"column":51}}]},"35":{"loc":{"start":{"line":153,"column":24},"end":{"line":153,"column":42}},"type":"binary-expr","locations":[{"start":{"line":153,"column":24},"end":{"line":153,"column":42}},{"start":{"line":153,"column":40},"end":{"line":153,"column":42}}]},"36":{"loc":{"start":{"line":156,"column":2},"end":{"line":158,"column":3}},"type":"if","locations":[{"start":{"line":156,"column":2},"end":{"line":158,"column":3}}]},"37":{"loc":{"start":{"line":156,"column":6},"end":{"line":156,"column":58}},"type":"binary-expr","locations":[{"start":{"line":156,"column":6},"end":{"line":156,"column":20}},{"start":{"line":156,"column":24},"end":{"line":156,"column":58}}]},"38":{"loc":{"start":{"line":173,"column":4},"end":{"line":175,"column":5}},"type":"if","locations":[{"start":{"line":173,"column":4},"end":{"line":175,"column":5}}]},"39":{"loc":{"start":{"line":173,"column":8},"end":{"line":173,"column":81}},"type":"binary-expr","locations":[{"start":{"line":173,"column":8},"end":{"line":173,"column":41}},{"start":{"line":173,"column":45},"end":{"line":173,"column":81}}]}},"s":{"0":1,"1":1,"2":1,"3":1,"4":1,"5":0,"6":0,"7":0,"8":101,"9":0,"10":101,"11":12,"12":12,"13":12,"14":0,"15":101,"16":5,"17":0,"18":0,"19":101,"20":101,"21":4,"22":4,"23":4,"24":0,"25":0,"26":0,"27":0,"28":0,"29":0,"30":101,"31":0,"32":0,"33":0,"34":0,"35":0,"36":0,"37":0,"38":0,"39":0,"40":0,"41":0,"42":0,"43":0,"44":0,"45":0,"46":97,"47":97,"48":97,"49":0,"50":0,"51":0,"52":0,"53":0,"54":0,"55":0,"56":12,"57":12,"58":158,"59":158,"60":97},"f":{"0":0,"1":0,"2":0,"3":101,"4":12,"5":0,"6":97,"7":0,"8":12},"b":{"0":[0,0],"1":[0,0],"2":[0,0],"3":[0,0],"4":[0],"5":[101,0],"6":[101,101],"7":[0,12],"8":[12,12],"9":[0],"10":[5,96],"11":[101,101],"12":[72,29],"13":[101,101],"14":[0],"15":[101],"16":[4],"17":[0,0],"18":[0],"19":[0,0],"20":[0],"21":[0,0],"22":[0],"23":[0],"24":[0,0],"25":[0],"26":[0,0],"27":[0],"28":[0,0],"29":[97],"30":[0,0],"31":[0,0],"32":[0,0],"33":[0,0],"34":[0,0],"35":[0,0],"36":[0],"37":[0,0],"38":[97],"39":[158,66]}}
}
