TN:
SF:src/index.ts
FN:30,(anonymous_0)
FN:31,(anonymous_1)
FN:32,(anonymous_2)
FN:33,(anonymous_3)
FN:34,(anonymous_4)
FN:35,(anonymous_5)
FN:36,(anonymous_6)
FN:37,(anonymous_7)
FN:38,(anonymous_8)
FN:40,(anonymous_9)
FN:42,loadSchemaFromSources
FN:84,loadSchemaFromIntrospectionResult
FN:98,printSchemaToSDL
FN:102,parseOperationDocument
FN:106,mergeDocuments
FN:110,validateDocument
FN:118,compileDocument
FNF:17
FNH:1
FNDA:0,(anonymous_0)
FNDA:0,(anonymous_1)
FNDA:0,(anonymous_2)
FNDA:0,(anonymous_3)
FNDA:0,(anonymous_4)
FNDA:0,(anonymous_5)
FNDA:0,(anonymous_6)
FNDA:0,(anonymous_7)
FNDA:0,(anonymous_8)
FNDA:0,(anonymous_9)
FNDA:12,loadSchemaFromSources
FNDA:0,loadSchemaFromIntrospectionResult
FNDA:0,printSchemaToSDL
FNDA:0,parseOperationDocument
FNDA:0,mergeDocuments
FNDA:0,validateDocument
FNDA:0,compileDocument
DA:1,1
DA:14,1
DA:15,1
DA:16,1
DA:17,1
DA:20,1
DA:24,1
DA:25,1
DA:29,1
DA:30,1
DA:31,1
DA:32,1
DA:33,1
DA:34,1
DA:35,1
DA:36,1
DA:37,1
DA:38,1
DA:40,1
DA:42,1
DA:45,12
DA:46,12
DA:47,12
DA:48,0
DA:49,0
DA:51,0
DA:55,12
DA:59,12
DA:61,12
DA:62,12
DA:63,12
DA:65,12
DA:66,12
DA:67,12
DA:68,7
DA:70,7
DA:73,0
DA:74,0
DA:75,0
DA:76,0
DA:77,0
DA:78,0
DA:80,0
DA:87,0
DA:89,0
DA:90,0
DA:93,0
DA:95,0
DA:98,1
DA:99,0
DA:102,1
DA:103,0
DA:106,1
DA:107,0
DA:110,1
DA:115,0
DA:118,1
DA:125,0
LF:58
LH:38
BRDA:47,0,0,0
BRDA:47,0,1,12
BRDA:48,1,0,0
BRDA:48,1,1,0
BRDA:61,2,0,12
BRDA:61,2,1,0
BRDA:89,3,0,0
BRF:7
BRH:2
end_of_record
TN:
SF:src/validationRules.ts
FN:28,defaultValidationRules
FN:38,(anonymous_1)
FN:42,NoAnonymousQueries
FN:44,(anonymous_3)
FN:57,NoTypenameAlias
FN:59,(anonymous_5)
FN:72,DeferredInlineFragmentNoTypeCondition
FN:74,(anonymous_7)
FN:91,DeferredInlineFragmentMissingLabelArgument
FN:93,(anonymous_9)
FN:96,(anonymous_10)
FN:112,ApolloIOSDisallowedFieldNames
FN:114,ApolloIOSDisallowedFieldNamesValidationRule
FN:117,(anonymous_13)
FN:134,ApolloIOSDisallowedInputParameterNames
FN:136,ApolloIOSDisallowedInputParameterNamesValidationRule
FN:139,(anonymous_16)
FNF:17
FNH:0
FNDA:0,defaultValidationRules
FNDA:0,(anonymous_1)
FNDA:0,NoAnonymousQueries
FNDA:0,(anonymous_3)
FNDA:0,NoTypenameAlias
FNDA:0,(anonymous_5)
FNDA:0,DeferredInlineFragmentNoTypeCondition
FNDA:0,(anonymous_7)
FNDA:0,DeferredInlineFragmentMissingLabelArgument
FNDA:0,(anonymous_9)
FNDA:0,(anonymous_10)
FNDA:0,ApolloIOSDisallowedFieldNames
FNDA:0,ApolloIOSDisallowedFieldNamesValidationRule
FNDA:0,(anonymous_13)
FNDA:0,ApolloIOSDisallowedInputParameterNames
FNDA:0,ApolloIOSDisallowedInputParameterNamesValidationRule
FNDA:0,(anonymous_16)
DA:1,1
DA:14,1
DA:28,1
DA:29,0
DA:30,0
DA:31,0
DA:38,0
DA:42,1
DA:43,0
DA:45,0
DA:46,0
DA:52,0
DA:57,1
DA:58,0
DA:60,0
DA:61,0
DA:62,0
DA:72,1
DA:73,0
DA:75,0
DA:76,0
DA:77,0
DA:78,0
DA:91,1
DA:92,0
DA:94,0
DA:95,0
DA:96,0
DA:97,0
DA:99,0
DA:113,0
DA:114,0
DA:115,0
DA:116,0
DA:118,0
DA:119,0
DA:120,0
DA:121,0
DA:131,0
DA:135,0
DA:136,0
DA:137,0
DA:138,0
DA:140,0
DA:141,0
DA:142,0
DA:143,0
DA:153,0
LF:48
LH:7
BRDA:29,0,0,0
BRDA:29,0,1,0
BRDA:29,1,0,0
BRDA:29,1,1,0
BRDA:36,2,0,0
BRDA:36,2,1,0
BRDA:37,3,0,0
BRDA:37,3,1,0
BRDA:45,4,0,0
BRDA:60,5,0,0
BRDA:60,5,1,0
BRDA:61,6,0,0
BRDA:75,7,0,0
BRDA:77,8,0,0
BRDA:77,9,0,0
BRDA:77,9,1,0
BRDA:94,10,0,0
BRDA:96,11,0,0
BRDA:96,12,0,0
BRDA:96,12,1,0
BRDA:96,13,0,0
BRDA:96,13,1,0
BRDA:96,14,0,0
BRDA:96,14,1,0
BRDA:113,15,0,0
BRDA:118,16,0,0
BRDA:118,16,1,0
BRDA:118,17,0,0
BRDA:118,17,1,0
BRDA:120,18,0,0
BRDA:135,19,0,0
BRDA:142,20,0,0
BRF:32
BRH:0
end_of_record
TN:
SF:src/compiler/index.ts
FN:45,filePathForNode
FN:57,compileToIR
FN:111,addReferencedType
FN:146,addReferencedTypesFromInputObject
FN:156,hasTypePolicyDirective
FN:168,getFragment
FN:183,compileOperation
FN:196,(anonymous_7)
FN:253,compileFragment
FN:293,overrideAsLocalCacheMutation
FN:296,(anonymous_10)
FN:302,compileSelectionSet
FN:310,(anonymous_12)
FN:317,compileSelection
FN:358,validateFieldName
FN:441,compileArguments
FN:448,(anonymous_16)
FN:451,(anonymous_17)
FN:472,compileDirectives
FN:511,compileInclusionCondition
FNF:20
FNH:0
FNDA:0,filePathForNode
FNDA:0,compileToIR
FNDA:0,addReferencedType
FNDA:0,addReferencedTypesFromInputObject
FNDA:0,hasTypePolicyDirective
FNDA:0,getFragment
FNDA:0,compileOperation
FNDA:0,(anonymous_7)
FNDA:0,compileFragment
FNDA:0,overrideAsLocalCacheMutation
FNDA:0,(anonymous_10)
FNDA:0,compileSelectionSet
FNDA:0,(anonymous_12)
FNDA:0,compileSelection
FNDA:0,validateFieldName
FNDA:0,compileArguments
FNDA:0,(anonymous_16)
FNDA:0,(anonymous_17)
FNDA:0,compileDirectives
FNDA:0,compileInclusionCondition
DA:1,1
DA:8,1
DA:41,1
DA:43,1
DA:46,0
DA:57,1
DA:65,0
DA:67,0
DA:68,0
DA:70,0
DA:73,0
DA:74,0
DA:75,0
DA:76,0
DA:78,0
DA:79,0
DA:80,0
DA:83,0
DA:89,0
DA:90,0
DA:92,0
DA:99,0
DA:100,0
DA:103,0
DA:112,0
DA:114,0
DA:116,0
DA:117,0
DA:119,0
DA:121,0
DA:122,0
DA:123,0
DA:128,0
DA:129,0
DA:130,0
DA:131,0
DA:135,0
DA:136,0
DA:139,0
DA:140,0
DA:141,0
DA:149,0
DA:150,0
DA:151,0
DA:152,0
DA:159,0
DA:160,0
DA:161,0
DA:162,0
DA:165,0
DA:169,0
DA:170,0
DA:172,0
DA:173,0
DA:176,0
DA:178,0
DA:179,0
DA:180,0
DA:186,0
DA:187,0
DA:190,0
DA:191,0
DA:192,0
DA:193,0
DA:195,0
DA:197,0
DA:198,0
DA:203,0
DA:207,0
DA:208,0
DA:214,0
DA:216,0
DA:224,0
DA:228,0
DA:229,0
DA:231,0
DA:233,0
DA:234,0
DA:236,0
DA:237,0
DA:240,0
DA:256,0
DA:258,0
DA:259,0
DA:263,0
DA:265,0
DA:270,0
DA:272,0
DA:274,0
DA:275,0
DA:277,0
DA:278,0
DA:281,0
DA:296,0
DA:297,0
DA:298,0
DA:307,0
DA:311,0
DA:322,0
DA:324,0
DA:326,0
DA:327,0
DA:328,0
DA:330,0
DA:331,0
DA:332,0
DA:338,0
DA:339,0
DA:341,0
DA:343,0
DA:344,0
DA:346,0
DA:359,0
DA:360,0
DA:361,0
DA:363,0
DA:364,0
DA:372,0
DA:373,0
DA:374,0
DA:375,0
DA:378,0
DA:379,0
DA:381,0
DA:382,0
DA:390,0
DA:396,0
DA:399,0
DA:400,0
DA:404,0
DA:406,0
DA:418,0
DA:420,0
DA:421,0
DA:422,0
DA:428,0
DA:430,0
DA:436,0
DA:446,0
DA:447,0
DA:449,0
DA:450,0
DA:451,0
DA:453,0
DA:455,0
DA:456,0
DA:462,0
DA:475,0
DA:476,0
DA:477,0
DA:479,0
DA:480,0
DA:481,0
DA:483,0
DA:484,0
DA:490,0
DA:497,0
DA:498,0
DA:501,0
DA:507,0
DA:515,0
DA:516,0
DA:517,0
DA:519,0
DA:521,0
DA:522,0
DA:524,0
DA:528,0
DA:534,0
DA:538,0
DA:541,0
LF:171
LH:5
BRDA:46,0,0,0
BRDA:46,0,1,0
BRDA:46,1,0,0
BRDA:46,1,1,0
BRDA:46,2,0,0
BRDA:46,2,1,0
BRDA:46,3,0,0
BRDA:46,3,1,0
BRDA:68,4,0,0
BRDA:79,5,0,0
BRDA:85,6,0,0
BRDA:85,6,1,0
BRDA:85,7,0,0
BRDA:85,7,1,0
BRDA:86,8,0,0
BRDA:86,8,1,0
BRDA:86,9,0,0
BRDA:86,9,1,0
BRDA:90,10,0,0
BRDA:108,11,0,0
BRDA:108,11,1,0
BRDA:108,12,0,0
BRDA:108,12,1,0
BRDA:112,13,0,0
BRDA:116,14,0,0
BRDA:122,15,0,0
BRDA:122,16,0,0
BRDA:122,16,1,0
BRDA:128,17,0,0
BRDA:135,18,0,0
BRDA:139,19,0,0
BRDA:160,20,0,0
BRDA:160,20,1,0
BRDA:160,21,0,0
BRDA:160,21,1,0
BRDA:160,22,0,0
BRDA:160,22,1,0
BRDA:160,23,0,0
BRDA:160,23,1,0
BRDA:161,24,0,0
BRDA:170,25,0,0
BRDA:173,26,0,0
BRDA:186,27,0,0
BRDA:195,28,0,0
BRDA:195,28,1,0
BRDA:198,29,0,0
BRDA:198,29,1,0
BRDA:207,30,0,0
BRDA:229,31,0,0
BRDA:229,31,1,0
BRDA:229,32,0,0
BRDA:229,32,1,0
BRDA:236,33,0,0
BRDA:270,34,0,0
BRDA:270,34,1,0
BRDA:270,35,0,0
BRDA:270,35,1,0
BRDA:277,36,0,0
BRDA:322,37,0,0
BRDA:322,37,1,0
BRDA:322,38,0,0
BRDA:322,38,1,0
BRDA:324,39,0,0
BRDA:324,39,1,0
BRDA:324,39,2,0
BRDA:327,40,0,0
BRDA:328,41,0,0
BRDA:328,41,1,0
BRDA:328,42,0,0
BRDA:328,42,1,0
BRDA:331,43,0,0
BRDA:353,44,0,0
BRDA:353,44,1,0
BRDA:353,45,0,0
BRDA:353,45,1,0
BRDA:354,46,0,0
BRDA:354,46,1,0
BRDA:359,47,0,0
BRDA:359,48,0,0
BRDA:359,48,1,0
BRDA:360,49,0,0
BRDA:360,49,1,0
BRDA:360,50,0,0
BRDA:360,50,1,0
BRDA:363,51,0,0
BRDA:363,52,0,0
BRDA:363,52,1,0
BRDA:363,53,0,0
BRDA:363,53,1,0
BRDA:372,54,0,0
BRDA:372,54,1,0
BRDA:372,55,0,0
BRDA:372,55,1,0
BRDA:372,55,2,0
BRDA:373,56,0,0
BRDA:373,56,1,0
BRDA:373,57,0,0
BRDA:373,57,1,0
BRDA:374,58,0,0
BRDA:375,59,0,0
BRDA:375,59,1,0
BRDA:375,60,0,0
BRDA:375,60,1,0
BRDA:378,61,0,0
BRDA:381,62,0,0
BRDA:400,63,0,0
BRDA:400,63,1,0
BRDA:421,64,0,0
BRDA:447,65,0,0
BRDA:447,65,1,0
BRDA:447,66,0,0
BRDA:447,66,1,0
BRDA:453,67,0,0
BRDA:453,67,1,0
BRDA:453,68,0,0
BRDA:453,68,1,0
BRDA:455,69,0,0
BRDA:466,70,0,0
BRDA:466,70,1,0
BRDA:466,71,0,0
BRDA:466,71,1,0
BRDA:475,72,0,0
BRDA:475,72,1,0
BRDA:475,73,0,0
BRDA:475,73,1,0
BRDA:483,74,0,0
BRDA:498,75,0,0
BRDA:503,76,0,0
BRDA:503,76,1,0
BRDA:515,77,0,0
BRDA:515,77,1,0
BRDA:515,78,0,0
BRDA:515,78,1,0
BRDA:516,79,0,0
BRDA:516,79,1,0
BRDA:516,80,0,0
BRDA:516,80,1,0
BRDA:519,81,0,0
BRDA:519,81,1,0
BRDA:519,81,2,0
BRDA:519,82,0,0
BRDA:519,82,1,0
BRDA:519,83,0,0
BRDA:519,83,1,0
BRDA:521,84,0,0
BRDA:521,84,1,0
BRDA:522,85,0,0
BRDA:522,85,1,0
BRDA:524,86,0,0
BRDA:524,86,1,0
BRF:150
BRH:0
end_of_record
TN:
SF:src/compiler/values.ts
FN:28,valueFromValueNode
FN:40,(anonymous_1)
FNF:2
FNH:0
FNDA:0,valueFromValueNode
FNDA:0,(anonymous_1)
DA:1,1
DA:28,1
DA:29,0
DA:31,0
DA:33,0
DA:38,0
DA:41,0
DA:42,0
DA:46,0
LF:9
LH:2
BRDA:29,0,0,0
BRDA:29,0,1,0
BRDA:29,0,2,0
BRDA:29,0,3,0
BRF:4
BRH:0
end_of_record
TN:
SF:src/utilities/apolloCodegenSchemaExtension.ts
FN:73,addApolloCodegenSchemaExtensionToDocument
FN:74,(anonymous_1)
FN:74,(anonymous_2)
FNF:3
FNH:3
FNDA:12,addApolloCodegenSchemaExtensionToDocument
FNDA:48,(anonymous_1)
FNDA:140,(anonymous_2)
DA:1,1
DA:2,1
DA:4,1
DA:12,1
DA:28,1
DA:50,1
DA:66,1
DA:73,1
DA:74,48
DA:75,140
DA:79,12
LF:11
LH:11
BRDA:75,0,0,140
BRDA:75,0,1,0
BRF:2
BRH:1
end_of_record
TN:
SF:src/utilities/experimentalDeferDirective.ts
FN:19,addExperimentalDeferDirectiveToSDLDocument
FN:34,(anonymous_1)
FN:53,addExperimentalDeferDirectiveToIntrospectionSchema
FN:70,isDeferDirectiveDefinitionNodePredicate
FN:77,experimentalDeferDirectiveDocumentNode
FN:86,matchDirectiveDefinition
FN:89,(anonymous_6)
FN:90,(anonymous_7)
FN:90,(anonymous_8)
FN:96,matchDirective
FN:100,(anonymous_10)
FN:100,(anonymous_11)
FNF:12
FNH:3
FNDA:12,addExperimentalDeferDirectiveToSDLDocument
FNDA:0,(anonymous_1)
FNDA:0,addExperimentalDeferDirectiveToIntrospectionSchema
FNDA:83,isDeferDirectiveDefinitionNodePredicate
FNDA:12,experimentalDeferDirectiveDocumentNode
FNDA:0,matchDirectiveDefinition
FNDA:0,(anonymous_6)
FNDA:0,(anonymous_7)
FNDA:0,(anonymous_8)
FNDA:0,matchDirective
FNDA:0,(anonymous_10)
FNDA:0,(anonymous_11)
DA:1,1
DA:11,1
DA:19,1
DA:20,12
DA:22,12
DA:23,12
DA:26,0
DA:28,0
DA:29,0
DA:31,0
DA:34,0
DA:38,0
DA:41,0
DA:53,1
DA:54,0
DA:56,0
DA:57,0
DA:60,0
DA:61,0
DA:63,0
DA:66,0
DA:71,83
DA:78,12
DA:87,0
DA:89,0
DA:90,0
DA:97,0
DA:100,0
LF:28
LH:9
BRDA:22,0,0,12
BRDA:28,1,0,0
BRDA:34,2,0,0
BRDA:34,2,1,0
BRDA:56,3,0,0
BRDA:60,4,0,0
BRDA:72,5,0,83
BRDA:72,5,1,48
BRDA:88,6,0,0
BRDA:88,6,1,0
BRDA:88,6,2,0
BRDA:90,7,0,0
BRDA:90,7,1,0
BRDA:90,8,0,0
BRDA:90,8,1,0
BRDA:98,9,0,0
BRDA:98,9,1,0
BRDA:98,9,2,0
BRF:18
BRH:3
end_of_record
TN:
SF:src/utilities/fieldPolicyDirective.ts
FN:24,addFieldPolicyDirectivesToSchema
FN:39,applyFieldPoliciesFor
FN:51,(anonymous_2)
FN:66,(anonymous_3)
FN:92,(anonymous_4)
FN:141,fieldPolicyDirectivesFor
FN:152,(anonymous_6)
FN:191,matchDirectiveArguments
FN:197,(anonymous_8)
FN:203,(anonymous_9)
FNF:10
FNH:10
FNDA:12,addFieldPolicyDirectivesToSchema
FNDA:62,applyFieldPoliciesFor
FNDA:15,(anonymous_2)
FNDA:30,(anonymous_3)
FNDA:18,(anonymous_4)
FNDA:66,fieldPolicyDirectivesFor
FNDA:12,(anonymous_6)
FNDA:2,matchDirectiveArguments
FNDA:4,(anonymous_8)
FNDA:4,(anonymous_9)
DA:1,1
DA:15,1
DA:17,1
DA:24,1
DA:27,12
DA:29,12
DA:30,98
DA:32,98
DA:34,62
DA:39,1
DA:42,62
DA:43,62
DA:44,0
DA:47,62
DA:49,62
DA:50,15
DA:51,15
DA:53,15
DA:54,15
DA:55,15
DA:58,15
DA:59,0
DA:65,15
DA:66,30
DA:68,15
DA:69,15
DA:70,15
DA:71,15
DA:74,15
DA:75,0
DA:82,15
DA:83,15
DA:84,0
DA:91,15
DA:92,18
DA:93,15
DA:94,18
DA:95,1
DA:105,14
DA:106,14
DA:107,14
DA:109,14
DA:110,16
DA:111,4
DA:116,14
DA:117,1
DA:125,13
DA:126,3
DA:133,10
DA:134,10
DA:136,0
DA:144,66
DA:145,0
DA:148,66
DA:150,66
DA:151,12
DA:152,12
DA:154,12
DA:155,12
DA:159,66
DA:160,5
DA:161,5
DA:165,66
DA:166,66
DA:167,4
DA:168,4
DA:169,0
DA:172,4
DA:173,4
DA:174,4
DA:175,2
DA:176,2
DA:177,2
DA:181,4
DA:182,2
DA:188,66
DA:195,2
DA:198,4
DA:204,4
LF:79
LH:72
BRDA:32,0,0,62
BRDA:32,1,0,98
BRDA:32,1,1,41
BRDA:43,2,0,0
BRDA:43,3,0,62
BRDA:43,3,1,62
BRDA:50,4,0,0
BRDA:50,4,1,15
BRDA:50,5,0,15
BRDA:50,5,1,15
BRDA:50,6,0,0
BRDA:50,6,1,15
BRDA:50,7,0,15
BRDA:50,7,1,15
BRDA:54,8,0,15
BRDA:54,9,0,0
BRDA:54,9,1,15
BRDA:54,10,0,15
BRDA:54,10,1,15
BRDA:58,11,0,0
BRDA:65,12,0,0
BRDA:65,12,1,15
BRDA:65,13,0,15
BRDA:65,13,1,15
BRDA:65,14,0,0
BRDA:65,14,1,15
BRDA:65,15,0,15
BRDA:65,15,1,15
BRDA:69,16,0,15
BRDA:69,17,0,0
BRDA:69,17,1,15
BRDA:69,18,0,15
BRDA:69,18,1,15
BRDA:74,19,0,0
BRDA:83,20,0,0
BRDA:86,21,0,0
BRDA:86,21,1,0
BRDA:91,22,0,0
BRDA:91,22,1,15
BRDA:91,23,0,15
BRDA:91,23,1,15
BRDA:92,24,0,15
BRDA:92,24,1,0
BRDA:92,25,0,15
BRDA:92,25,1,15
BRDA:92,26,0,0
BRDA:92,26,1,15
BRDA:92,27,0,15
BRDA:92,27,1,15
BRDA:94,28,0,1
BRDA:105,29,0,14
BRDA:110,30,0,4
BRDA:116,31,0,1
BRDA:125,32,0,3
BRDA:125,33,0,13
BRDA:125,33,1,3
BRDA:125,33,2,11
BRDA:125,33,3,2
BRDA:133,34,0,10
BRDA:133,34,1,0
BRDA:144,35,0,0
BRDA:144,36,0,66
BRDA:144,36,1,9
BRDA:150,37,0,66
BRDA:150,37,1,0
BRDA:150,38,0,66
BRDA:150,38,1,66
BRDA:151,39,0,0
BRDA:151,39,1,12
BRDA:151,40,0,12
BRDA:151,40,1,12
BRDA:154,41,0,12
BRDA:159,42,0,5
BRDA:159,42,1,61
BRDA:159,43,0,66
BRDA:159,43,1,66
BRDA:159,44,0,42
BRDA:159,44,1,24
BRDA:159,45,0,66
BRDA:159,45,1,66
BRDA:160,46,0,5
BRDA:165,47,0,66
BRDA:168,48,0,0
BRDA:175,49,0,2
BRDA:181,50,0,2
BRDA:196,51,0,2
BRDA:196,51,1,0
BRDA:196,52,0,2
BRDA:196,52,1,2
BRDA:202,53,0,2
BRDA:202,53,1,0
BRDA:202,54,0,2
BRDA:202,54,1,2
BRF:93
BRH:71
end_of_record
TN:
SF:src/utilities/graphql.ts
FN:29,(anonymous_0)
FN:30,(anonymous_1)
FN:36,assertValidSDL
FN:43,assertValidSchema
FN:50,sourceAt
FN:54,filePathForNode
FN:58,isMetaFieldName
FN:62,containsLocalCacheMutationDirective
FN:79,transformToNetworkRequestSourceDefinition
FN:89,(anonymous_9)
FN:97,(anonymous_10)
FN:102,(anonymous_11)
FN:109,addTypenameFieldToSelectionSetIfNeeded
FN:110,(anonymous_13)
FN:124,transformTypenameFieldIfNeeded
FN:136,stripApolloClientSpecificDirectives
FN:158,getFieldDef
FNF:17
FNH:2
FNDA:0,(anonymous_0)
FNDA:0,(anonymous_1)
FNDA:12,assertValidSDL
FNDA:7,assertValidSchema
FNDA:0,sourceAt
FNDA:0,filePathForNode
FNDA:0,isMetaFieldName
FNDA:0,containsLocalCacheMutationDirective
FNDA:0,transformToNetworkRequestSourceDefinition
FNDA:0,(anonymous_9)
FNDA:0,(anonymous_10)
FNDA:0,(anonymous_11)
FNDA:0,addTypenameFieldToSelectionSetIfNeeded
FNDA:0,(anonymous_13)
FNDA:0,transformTypenameFieldIfNeeded
FNDA:0,stripApolloClientSpecificDirectives
FNDA:0,getFieldDef
DA:1,1
DA:23,1
DA:24,1
DA:25,1
DA:26,1
DA:28,1
DA:29,0
DA:30,0
DA:32,0
DA:36,1
DA:37,12
DA:38,12
DA:39,0
DA:43,1
DA:44,7
DA:45,7
DA:46,0
DA:50,1
DA:51,0
DA:54,1
DA:55,0
DA:58,1
DA:59,0
DA:62,1
DA:63,0
DA:65,0
DA:66,0
DA:67,0
DA:71,0
DA:74,1
DA:79,1
DA:83,0
DA:84,0
DA:87,0
DA:90,0
DA:91,0
DA:93,0
DA:98,0
DA:103,0
DA:110,0
DA:111,0
DA:114,0
DA:115,0
DA:117,0
DA:125,0
DA:126,0
DA:132,0
DA:137,0
DA:142,0
DA:143,0
DA:144,0
DA:148,0
DA:158,1
DA:163,0
DA:167,0
DA:169,0
DA:170,0
DA:172,0
DA:178,0
DA:180,0
DA:181,0
DA:184,0
LF:62
LH:19
BRDA:38,0,0,0
BRDA:45,1,0,0
BRDA:55,2,0,0
BRDA:55,2,1,0
BRDA:55,3,0,0
BRDA:55,3,1,0
BRDA:55,4,0,0
BRDA:55,4,1,0
BRDA:55,5,0,0
BRDA:55,5,1,0
BRDA:63,6,0,0
BRDA:66,7,0,0
BRDA:83,8,0,0
BRDA:90,9,0,0
BRDA:90,10,0,0
BRDA:90,10,1,0
BRDA:111,11,0,0
BRDA:111,11,1,0
BRDA:114,12,0,0
BRDA:114,12,1,0
BRDA:125,13,0,0
BRDA:125,13,1,0
BRDA:143,14,0,0
BRDA:163,15,0,0
BRDA:164,16,0,0
BRDA:164,16,1,0
BRDA:169,17,0,0
BRDA:169,18,0,0
BRDA:169,18,1,0
BRDA:172,19,0,0
BRDA:173,20,0,0
BRDA:173,20,1,0
BRDA:173,20,2,0
BRDA:173,20,3,0
BRDA:180,21,0,0
BRDA:180,22,0,0
BRDA:180,22,1,0
BRF:37
BRH:0
end_of_record
TN:
SF:src/utilities/index.ts
FNF:0
FNH:0
DA:1,1
DA:2,1
DA:3,1
DA:4,1
LF:4
LH:4
BRF:0
BRH:0
end_of_record
TN:
SF:src/utilities/legacySafelistingTransform.ts
FN:14,addTypeNameFieldForLegacySafelisting
FN:16,(anonymous_1)
FN:25,(anonymous_2)
FN:34,(anonymous_3)
FNF:4
FNH:0
FNDA:0,addTypeNameFieldForLegacySafelisting
FNDA:0,(anonymous_1)
FNDA:0,(anonymous_2)
FNDA:0,(anonymous_3)
DA:1,1
DA:9,1
DA:14,1
DA:15,0
DA:17,0
DA:20,0
DA:22,0
DA:26,0
DA:35,0
DA:42,0
DA:44,0
DA:46,0
LF:12
LH:3
BRDA:17,0,0,0
BRDA:17,0,1,0
BRDA:27,1,0,0
BRDA:27,1,1,0
BRDA:35,2,0,0
BRDA:37,3,0,0
BRDA:37,3,1,0
BRDA:37,3,2,0
BRDA:44,4,0,0
BRF:9
BRH:0
end_of_record
TN:
SF:src/utilities/nodeHelpers.ts
FN:3,nameNode
FN:10,stringNode
FN:17,inputValueDefinitionNode
FN:26,definitionNode
FN:32,(anonymous_4)
FN:33,(anonymous_5)
FN:37,typeNode
FN:44,nonNullNode
FNF:8
FNH:8
FNDA:108,nameNode
FNDA:44,stringNode
FNDA:24,inputValueDefinitionNode
FNDA:12,definitionNode
FNDA:24,(anonymous_4)
FNDA:24,(anonymous_5)
FNDA:28,typeNode
FNDA:4,nonNullNode
DA:1,1
DA:3,1
DA:4,108
DA:10,1
DA:11,44
DA:17,1
DA:18,24
DA:26,1
DA:27,12
DA:32,24
DA:33,24
DA:37,1
DA:38,28
DA:44,1
DA:45,4
LF:15
LH:15
BRDA:29,0,0,12
BRDA:29,0,1,0
BRF:2
BRH:1
end_of_record
TN:
SF:src/utilities/predicates.ts
FN:1,isNotNullOrUndefined
FN:7,isObject
FNF:2
FNH:0
FNDA:0,isNotNullOrUndefined
FNDA:0,isObject
DA:1,1
DA:4,0
DA:7,1
DA:8,0
LF:4
LH:2
BRDA:4,0,0,0
BRDA:4,0,1,0
BRDA:9,1,0,0
BRDA:9,1,1,0
BRDA:9,1,2,0
BRDA:9,1,3,0
BRF:6
BRH:0
end_of_record
TN:
SF:src/utilities/typePolicyDirective.ts
FN:24,matchDirectiveArguments
FN:30,(anonymous_1)
FN:36,(anonymous_2)
FN:44,typePolicyDirectiveFor
FN:53,(anonymous_4)
FN:94,validateKeyFields
FN:147,keyFieldsFor
FN:154,(anonymous_7)
FN:167,addTypePolicyDirectivesToSchema
FNF:9
FNH:4
FNDA:0,matchDirectiveArguments
FNDA:0,(anonymous_1)
FNDA:0,(anonymous_2)
FNDA:101,typePolicyDirectiveFor
FNDA:12,(anonymous_4)
FNDA:0,validateKeyFields
FNDA:97,keyFieldsFor
FNDA:0,(anonymous_7)
FNDA:12,addTypePolicyDirectivesToSchema
DA:1,1
DA:15,1
DA:17,1
DA:28,0
DA:31,0
DA:37,0
DA:47,101
DA:48,0
DA:51,101
DA:52,12
DA:53,12
DA:55,12
DA:56,0
DA:61,101
DA:62,5
DA:63,0
DA:64,0
DA:68,101
DA:69,101
DA:70,4
DA:71,4
DA:73,0
DA:74,0
DA:75,0
DA:76,0
DA:77,0
DA:82,0
DA:91,101
DA:98,0
DA:100,0
DA:101,0
DA:104,0
DA:106,0
DA:107,0
DA:108,0
DA:109,0
DA:115,0
DA:116,0
DA:117,0
DA:123,0
DA:124,0
DA:134,0
DA:135,0
DA:147,1
DA:148,97
DA:149,97
DA:150,97
DA:153,0
DA:154,0
DA:156,0
DA:157,0
DA:160,0
DA:162,0
DA:164,0
DA:167,1
DA:168,12
DA:170,12
DA:171,158
DA:173,158
DA:174,97
LF:60
LH:25
BRDA:29,0,0,0
BRDA:29,0,1,0
BRDA:29,1,0,0
BRDA:29,1,1,0
BRDA:35,2,0,0
BRDA:35,2,1,0
BRDA:35,3,0,0
BRDA:35,3,1,0
BRDA:47,4,0,0
BRDA:51,5,0,101
BRDA:51,5,1,0
BRDA:51,6,0,101
BRDA:51,6,1,101
BRDA:52,7,0,0
BRDA:52,7,1,12
BRDA:52,8,0,12
BRDA:52,8,1,12
BRDA:55,9,0,0
BRDA:61,10,0,5
BRDA:61,10,1,96
BRDA:61,11,0,101
BRDA:61,11,1,101
BRDA:61,12,0,72
BRDA:61,12,1,29
BRDA:61,13,0,101
BRDA:61,13,1,101
BRDA:62,14,0,0
BRDA:68,15,0,101
BRDA:71,16,0,4
BRDA:73,17,0,0
BRDA:73,17,1,0
BRDA:75,18,0,0
BRDA:76,19,0,0
BRDA:76,19,1,0
BRDA:100,20,0,0
BRDA:104,21,0,0
BRDA:104,21,1,0
BRDA:108,22,0,0
BRDA:116,23,0,0
BRDA:119,24,0,0
BRDA:119,24,1,0
BRDA:123,25,0,0
BRDA:127,26,0,0
BRDA:127,26,1,0
BRDA:134,27,0,0
BRDA:138,28,0,0
BRDA:138,28,1,0
BRDA:149,29,0,97
BRDA:153,30,0,0
BRDA:153,30,1,0
BRDA:153,31,0,0
BRDA:153,31,1,0
BRDA:153,32,0,0
BRDA:153,32,1,0
BRDA:153,33,0,0
BRDA:153,33,1,0
BRDA:153,34,0,0
BRDA:153,34,1,0
BRDA:153,35,0,0
BRDA:153,35,1,0
BRDA:156,36,0,0
BRDA:156,37,0,0
BRDA:156,37,1,0
BRDA:173,38,0,97
BRDA:173,39,0,158
BRDA:173,39,1,66
BRF:66
BRH:20
end_of_record
